NITPIC Version 1.2.2
NITPICing commenced on 14 September, 2017, at 1648


Loading C:/VPITC/Data/Luke/170817_ITC200/CahA5CuTESrep2/CahA5C43SC79SCuTESrep2.itc...


Data come from ITC200 or VP-ITC
File loaded and successfully plotted.


Titration was truncated.
Scheduled: 22
Actual completed: 16

STARTING RUN #1.
Vertical length of the array input to the 1st SVD is 179

Number of flanking points adjusted to 2.

Initial number of points considered in each injection is 44
Fine-adjusting...
Test fractions were [ 0.1   0.15  0.2   0.25  0.3   0.35  0.4 ]


Winning fraction was: 30.0 percent

Vertical length of winning array: 54

Checking whether tail is inadvertantly included...
Number of substoichiometric points set to 9

No tail detected.
No adjustment to no. considered points made.
The best PQuadLevel was 1.
The best transition constant was 1.0.
The best anchor box sizes were: [15.0, 15.0, 15.0, 15.0, 15.0, 15.0, 15.0, 15.0, 15.0, 15.0, 15.0, 15.0, 15.0, 15.0, 15.0, 15.0]
Using Straight for SVD baseline calculations.
The best number of SVD components to include based on RMSD is 5.

Isotherm is classified as EXOTHERMIC

Saturated Plateau was: -0.527507724497.
Stoichiometric Plateau was: -6.61418306964.
Length of first third: 4.
Length of last third: 5.
transitionRegionLowWide was: -4.01486078114.
transitionRegionHighWide was: -1.24466604006.
The transition points are: 9 10 


The isotherm appears to be of the high-C type.
Extending injection times in transition region by 20.0%.
Final normalized wrmsd was: 0.0337 kcal/mol


FITTING RESULTS
logKa = 6.205
n = 1.181
deltaH = -4.046 kcal/mol
baseline = -236.661 cal/mol

Integration took a total of 5.0 s.

