XL-I Version 5.8 Cell 2 Channel A Scan Log
Log & data file folder: C:\xlidata\062717\145618
Log file name: cell2chA.log
Log created: 06/27/17 @ 14:59:08
Scan settings file name: C:\\NONAME99.SCN
Alignment angle:  0.00
Points per fringe: 22.75
Laser delay:  92.00
Laser duration:  0.50
Laser gain: 0
Laser offset: 0
Blank subtraction: yes
Blank points/fringe: 22.00
Blank delay:  41.00
Blank duration:  0.40
Blank gain: 0
Blank offset: 0

Scan(s) started 06/27/17 @ 14:59:08, delay: 00:00:00, interval: 00:03:00
speed: 50000, time: 0000159, temp: 19.9, w2t: 1.75E+09

Scan sequence 00001 started 06/27/17 @ 14:59:11, file name: 00001.ip2
speed: 50000, time: 0000163, temp: 19.9, w2t: 1.86E+09

Scan sequence 00002 started 06/27/17 @ 14:59:31, file name: 00002.ip2
speed: 50000, time: 0000181, temp: 19.9, w2t: 2.41E+09

Scan sequence 00003 started 06/27/17 @ 15:02:29, file name: 00003.ip2
speed: 50000, time: 0000357, temp: 20.0, w2t: 7.24E+09

Scan sequence 00004 started 06/27/17 @ 15:05:29, file name: 00004.ip2
speed: 50000, time: 0000538, temp: 20.1, w2t: 1.22E+10

Scan sequence 00005 started 06/27/17 @ 15:08:30, file name: 00005.ip2
speed: 50000, time: 0000717, temp: 20.1, w2t: 1.72E+10

Scan sequence 00006 started 06/27/17 @ 15:11:30, file name: 00006.ip2
speed: 50000, time: 0000894, temp: 20.2, w2t: 2.21E+10

Scan sequence 00007 started 06/27/17 @ 15:14:31, file name: 00007.ip2
speed: 50000, time: 0001074, temp: 20.2, w2t: 2.70E+10

Scan sequence 00008 started 06/27/17 @ 15:17:30, file name: 00008.ip2
speed: 50000, time: 0001251, temp: 20.2, w2t: 3.20E+10

Scan sequence 00009 started 06/27/17 @ 15:20:32, file name: 00009.ip2
speed: 50000, time: 0001431, temp: 20.2, w2t: 3.69E+10

Scan sequence 00010 started 06/27/17 @ 15:23:32, file name: 00010.ip2
speed: 50000, time: 0001612, temp: 20.2, w2t: 4.19E+10

Scan sequence 00011 started 06/27/17 @ 15:26:34, file name: 00011.ip2
speed: 50000, time: 0001791, temp: 20.2, w2t: 4.69E+10

Scan sequence 00012 started 06/27/17 @ 15:29:33, file name: 00012.ip2
speed: 50000, time: 0001970, temp: 20.2, w2t: 5.18E+10

Scan sequence 00013 started 06/27/17 @ 15:32:33, file name: 00013.ip2
speed: 50000, time: 0002147, temp: 20.2, w2t: 5.68E+10

Scan sequence 00014 started 06/27/17 @ 15:35:33, file name: 00014.ip2
speed: 50000, time: 0002326, temp: 20.1, w2t: 6.17E+10

Scan sequence 00015 started 06/27/17 @ 15:38:35, file name: 00015.ip2
speed: 50000, time: 0002505, temp: 20.2, w2t: 6.66E+10

Scan sequence 00016 started 06/27/17 @ 15:41:35, file name: 00016.ip2
speed: 50000, time: 0002685, temp: 20.1, w2t: 7.16E+10

Scan sequence 00017 started 06/27/17 @ 15:44:35, file name: 00017.ip2
speed: 50000, time: 0002864, temp: 20.1, w2t: 7.65E+10

Scan sequence 00018 started 06/27/17 @ 15:47:36, file name: 00018.ip2
speed: 50000, time: 0003044, temp: 20.1, w2t: 8.15E+10

Scan sequence 00019 started 06/27/17 @ 15:50:38, file name: 00019.ip2
speed: 50000, time: 0003222, temp: 20.1, w2t: 8.64E+10

Scan sequence 00020 started 06/27/17 @ 15:53:36, file name: 00020.ip2
speed: 50000, time: 0003400, temp: 20.1, w2t: 9.14E+10

Scan sequence 00021 started 06/27/17 @ 15:56:37, file name: 00021.ip2
speed: 50000, time: 0003579, temp: 20.1, w2t: 9.63E+10

Scan sequence 00022 started 06/27/17 @ 15:59:38, file name: 00022.ip2
speed: 50000, time: 0003760, temp: 20.1, w2t: 1.01E+11

Scan sequence 00023 started 06/27/17 @ 16:02:39, file name: 00023.ip2
speed: 50000, time: 0003939, temp: 20.0, w2t: 1.06E+11

Scan sequence 00024 started 06/27/17 @ 16:05:39, file name: 00024.ip2
speed: 50000, time: 0004116, temp: 20.0, w2t: 1.11E+11

Scan sequence 00025 started 06/27/17 @ 16:08:39, file name: 00025.ip2
speed: 50000, time: 0004295, temp: 20.0, w2t: 1.16E+11

Scan sequence 00026 started 06/27/17 @ 16:11:40, file name: 00026.ip2
speed: 50000, time: 0004474, temp: 20.0, w2t: 1.21E+11

Scan sequence 00027 started 06/27/17 @ 16:14:41, file name: 00027.ip2
speed: 50000, time: 0004653, temp: 20.0, w2t: 1.26E+11

Scan sequence 00028 started 06/27/17 @ 16:17:42, file name: 00028.ip2
speed: 50000, time: 0004834, temp: 20.0, w2t: 1.31E+11

Scan sequence 00029 started 06/27/17 @ 16:20:42, file name: 00029.ip2
speed: 50000, time: 0005013, temp: 20.0, w2t: 1.36E+11

Scan sequence 00030 started 06/27/17 @ 16:23:42, file name: 00030.ip2
speed: 50000, time: 0005191, temp: 20.0, w2t: 1.41E+11

Scan sequence 00031 started 06/27/17 @ 16:26:42, file name: 00031.ip2
speed: 50000, time: 0005369, temp: 20.0, w2t: 1.46E+11

Scan sequence 00032 started 06/27/17 @ 16:29:42, file name: 00032.ip2
speed: 50000, time: 0005548, temp: 20.0, w2t: 1.51E+11

Scan sequence 00033 started 06/27/17 @ 16:32:43, file name: 00033.ip2
speed: 50000, time: 0005727, temp: 20.0, w2t: 1.56E+11

Scan sequence 00034 started 06/27/17 @ 16:35:44, file name: 00034.ip2
speed: 50000, time: 0005908, temp: 20.0, w2t: 1.61E+11

Scan sequence 00035 started 06/27/17 @ 16:38:44, file name: 00035.ip2
speed: 50000, time: 0006087, temp: 20.0, w2t: 1.66E+11

Scan sequence 00036 started 06/27/17 @ 16:41:45, file name: 00036.ip2
speed: 50000, time: 0006266, temp: 20.0, w2t: 1.71E+11

Scan sequence 00037 started 06/27/17 @ 16:44:47, file name: 00037.ip2
speed: 50000, time: 0006444, temp: 20.0, w2t: 1.75E+11

Scan sequence 00038 started 06/27/17 @ 16:47:45, file name: 00038.ip2
speed: 50000, time: 0006622, temp: 20.0, w2t: 1.80E+11

Scan sequence 00039 started 06/27/17 @ 16:50:47, file name: 00039.ip2
speed: 50000, time: 0006801, temp: 20.0, w2t: 1.85E+11

Scan sequence 00040 started 06/27/17 @ 16:53:47, file name: 00040.ip2
speed: 50000, time: 0006982, temp: 20.0, w2t: 1.90E+11

Scan sequence 00041 started 06/27/17 @ 16:56:47, file name: 00041.ip2
speed: 50000, time: 0007159, temp: 20.0, w2t: 1.95E+11

Scan sequence 00042 started 06/27/17 @ 16:59:48, file name: 00042.ip2
speed: 50000, time: 0007341, temp: 20.0, w2t: 2.00E+11

Scan sequence 00043 started 06/27/17 @ 17:02:48, file name: 00043.ip2
speed: 50000, time: 0007519, temp: 20.0, w2t: 2.05E+11

Scan sequence 00044 started 06/27/17 @ 17:05:49, file name: 00044.ip2
speed: 50000, time: 0007698, temp: 20.0, w2t: 2.10E+11

Scan sequence 00045 started 06/27/17 @ 17:08:49, file name: 00045.ip2
speed: 50000, time: 0007876, temp: 20.0, w2t: 2.15E+11

Scan sequence 00046 started 06/27/17 @ 17:11:49, file name: 00046.ip2
speed: 50000, time: 0008054, temp: 20.0, w2t: 2.20E+11

Scan sequence 00047 started 06/27/17 @ 17:14:49, file name: 00047.ip2
speed: 50000, time: 0008233, temp: 20.0, w2t: 2.25E+11

Scan sequence 00048 started 06/27/17 @ 17:17:52, file name: 00048.ip2
speed: 50000, time: 0008416, temp: 20.0, w2t: 2.30E+11

Scan sequence 00049 started 06/27/17 @ 17:20:51, file name: 00049.ip2
speed: 50000, time: 0008594, temp: 20.0, w2t: 2.35E+11

Scan sequence 00050 started 06/27/17 @ 17:23:52, file name: 00050.ip2
speed: 50000, time: 0008772, temp: 20.0, w2t: 2.40E+11

Scan sequence 00051 started 06/27/17 @ 17:26:52, file name: 00051.ip2
speed: 50000, time: 0008950, temp: 20.0, w2t: 2.45E+11

Scan sequence 00052 started 06/27/17 @ 17:29:52, file name: 00052.ip2
speed: 50000, time: 0009128, temp: 20.0, w2t: 2.50E+11

Scan sequence 00053 started 06/27/17 @ 17:32:53, file name: 00053.ip2
speed: 50000, time: 0009308, temp: 20.0, w2t: 2.55E+11

Scan sequence 00054 started 06/27/17 @ 17:35:54, file name: 00054.ip2
speed: 50000, time: 0009489, temp: 20.0, w2t: 2.60E+11

Scan sequence 00055 started 06/27/17 @ 17:38:55, file name: 00055.ip2
speed: 50000, time: 0009668, temp: 20.0, w2t: 2.65E+11

Scan sequence 00056 started 06/27/17 @ 17:41:55, file name: 00056.ip2
speed: 50000, time: 0009847, temp: 20.0, w2t: 2.70E+11

Scan sequence 00057 started 06/27/17 @ 17:44:55, file name: 00057.ip2
speed: 50000, time: 0010024, temp: 20.0, w2t: 2.74E+11

Scan sequence 00058 started 06/27/17 @ 17:47:55, file name: 00058.ip2
speed: 50000, time: 0010202, temp: 20.0, w2t: 2.79E+11

Scan sequence 00059 started 06/27/17 @ 17:50:55, file name: 00059.ip2
speed: 50000, time: 0010381, temp: 20.0, w2t: 2.84E+11

Scan sequence 00060 started 06/27/17 @ 17:53:57, file name: 00060.ip2
speed: 50000, time: 0010562, temp: 20.0, w2t: 2.89E+11

Scan sequence 00061 started 06/27/17 @ 17:56:57, file name: 00061.ip2
speed: 50000, time: 0010741, temp: 20.0, w2t: 2.94E+11

Scan sequence 00062 started 06/27/17 @ 17:59:57, file name: 00062.ip2
speed: 50000, time: 0010920, temp: 20.0, w2t: 2.99E+11

Scan sequence 00063 started 06/27/17 @ 18:02:58, file name: 00063.ip2
speed: 50000, time: 0011098, temp: 20.0, w2t: 3.04E+11

Scan sequence 00064 started 06/27/17 @ 18:05:58, file name: 00064.ip2
speed: 50000, time: 0011276, temp: 20.0, w2t: 3.09E+11

Scan sequence 00065 started 06/27/17 @ 18:08:58, file name: 00065.ip2
speed: 50000, time: 0011455, temp: 20.0, w2t: 3.14E+11

Scan sequence 00066 started 06/27/17 @ 18:12:00, file name: 00066.ip2
speed: 50000, time: 0011636, temp: 20.0, w2t: 3.19E+11

Scan sequence 00067 started 06/27/17 @ 18:15:01, file name: 00067.ip2
speed: 50000, time: 0011816, temp: 20.0, w2t: 3.24E+11

Scan sequence 00068 started 06/27/17 @ 18:18:01, file name: 00068.ip2
speed: 50000, time: 0011994, temp: 20.0, w2t: 3.29E+11

Scan sequence 00069 started 06/27/17 @ 18:21:01, file name: 00069.ip2
speed: 50000, time: 0012172, temp: 20.0, w2t: 3.34E+11

Scan sequence 00070 started 06/27/17 @ 18:24:02, file name: 00070.ip2
speed: 50000, time: 0012352, temp: 20.0, w2t: 3.39E+11

Scan sequence 00071 started 06/27/17 @ 18:27:01, file name: 00071.ip2
speed: 50000, time: 0012530, temp: 20.0, w2t: 3.44E+11

Scan sequence 00072 started 06/27/17 @ 18:30:03, file name: 00072.ip2
speed: 50000, time: 0012711, temp: 20.0, w2t: 3.49E+11

Scan sequence 00073 started 06/27/17 @ 18:33:03, file name: 00073.ip2
speed: 50000, time: 0012890, temp: 20.0, w2t: 3.54E+11

Scan sequence 00074 started 06/27/17 @ 18:36:04, file name: 00074.ip2
speed: 50000, time: 0013068, temp: 20.0, w2t: 3.59E+11

Scan sequence 00075 started 06/27/17 @ 18:39:05, file name: 00075.ip2
speed: 50000, time: 0013247, temp: 20.0, w2t: 3.64E+11

Scan sequence 00076 started 06/27/17 @ 18:42:04, file name: 00076.ip2
speed: 50000, time: 0013425, temp: 20.0, w2t: 3.68E+11

Scan sequence 00077 started 06/27/17 @ 18:45:04, file name: 00077.ip2
speed: 50000, time: 0013604, temp: 20.0, w2t: 3.73E+11

Scan sequence 00078 started 06/27/17 @ 18:48:06, file name: 00078.ip2
speed: 50000, time: 0013785, temp: 20.0, w2t: 3.78E+11

Scan sequence 00079 started 06/27/17 @ 18:51:06, file name: 00079.ip2
speed: 50000, time: 0013964, temp: 20.0, w2t: 3.83E+11

Scan sequence 00080 started 06/27/17 @ 18:54:06, file name: 00080.ip2
speed: 50000, time: 0014143, temp: 20.0, w2t: 3.88E+11

Scan sequence 00081 started 06/27/17 @ 18:57:07, file name: 00081.ip2
speed: 50000, time: 0014320, temp: 20.0, w2t: 3.93E+11

Scan sequence 00082 started 06/27/17 @ 19:00:07, file name: 00082.ip2
speed: 50000, time: 0014499, temp: 20.0, w2t: 3.98E+11

Scan sequence 00083 started 06/27/17 @ 19:03:09, file name: 00083.ip2
speed: 50000, time: 0014679, temp: 20.0, w2t: 4.03E+11

Scan sequence 00084 started 06/27/17 @ 19:06:10, file name: 00084.ip2
speed: 50000, time: 0014860, temp: 20.0, w2t: 4.08E+11

Scan sequence 00085 started 06/27/17 @ 19:09:10, file name: 00085.ip2
speed: 50000, time: 0015039, temp: 20.0, w2t: 4.13E+11

Scan sequence 00086 started 06/27/17 @ 19:12:10, file name: 00086.ip2
speed: 50000, time: 0015216, temp: 20.0, w2t: 4.18E+11

Scan sequence 00087 started 06/27/17 @ 19:15:10, file name: 00087.ip2
speed: 50000, time: 0015394, temp: 20.0, w2t: 4.23E+11

Scan sequence 00088 started 06/27/17 @ 19:18:11, file name: 00088.ip2
speed: 50000, time: 0015574, temp: 20.0, w2t: 4.28E+11

Scan sequence 00089 started 06/27/17 @ 19:21:10, file name: 00089.ip2
speed: 50000, time: 0015752, temp: 20.0, w2t: 4.33E+11

Scan sequence 00090 started 06/27/17 @ 19:24:12, file name: 00090.ip2
speed: 50000, time: 0015933, temp: 20.0, w2t: 4.38E+11

Scan sequence 00091 started 06/27/17 @ 19:27:12, file name: 00091.ip2
speed: 50000, time: 0016112, temp: 20.0, w2t: 4.43E+11

Scan sequence 00092 started 06/27/17 @ 19:30:13, file name: 00092.ip2
speed: 50000, time: 0016290, temp: 20.0, w2t: 4.48E+11

Scan sequence 00093 started 06/27/17 @ 19:33:13, file name: 00093.ip2
speed: 50000, time: 0016469, temp: 20.0, w2t: 4.53E+11

Scan sequence 00094 started 06/27/17 @ 19:36:14, file name: 00094.ip2
speed: 50000, time: 0016648, temp: 20.0, w2t: 4.58E+11

Scan sequence 00095 started 06/27/17 @ 19:39:14, file name: 00095.ip2
speed: 50000, time: 0016826, temp: 20.0, w2t: 4.63E+11

Scan sequence 00096 started 06/27/17 @ 19:42:15, file name: 00096.ip2
speed: 50000, time: 0017007, temp: 20.0, w2t: 4.68E+11

Scan sequence 00097 started 06/27/17 @ 19:45:16, file name: 00097.ip2
speed: 50000, time: 0017187, temp: 20.0, w2t: 4.72E+11

Scan sequence 00098 started 06/27/17 @ 19:48:15, file name: 00098.ip2
speed: 50000, time: 0017365, temp: 20.0, w2t: 4.77E+11

Scan sequence 00099 started 06/27/17 @ 19:51:16, file name: 00099.ip2
speed: 50000, time: 0017543, temp: 20.0, w2t: 4.82E+11

Scan sequence 00100 started 06/27/17 @ 19:54:16, file name: 00100.ip2
speed: 50000, time: 0017722, temp: 20.0, w2t: 4.87E+11

Scan sequence 00101 started 06/27/17 @ 19:57:16, file name: 00101.ip2
speed: 50000, time: 0017901, temp: 20.0, w2t: 4.92E+11

Scan sequence 00102 started 06/27/17 @ 20:00:18, file name: 00102.ip2
speed: 50000, time: 0018082, temp: 20.0, w2t: 4.97E+11

Scan sequence 00103 started 06/27/17 @ 20:03:18, file name: 00103.ip2
speed: 50000, time: 0018261, temp: 20.0, w2t: 5.02E+11

Scan sequence 00104 started 06/27/17 @ 20:06:18, file name: 00104.ip2
speed: 50000, time: 0018440, temp: 20.0, w2t: 5.07E+11

Scan sequence 00105 started 06/27/17 @ 20:09:19, file name: 00105.ip2
speed: 50000, time: 0018618, temp: 20.0, w2t: 5.12E+11

Scan sequence 00106 started 06/27/17 @ 20:12:19, file name: 00106.ip2
speed: 50000, time: 0018796, temp: 20.0, w2t: 5.17E+11

Scan sequence 00107 started 06/27/17 @ 20:15:20, file name: 00107.ip2
speed: 50000, time: 0018975, temp: 20.0, w2t: 5.22E+11

Scan sequence 00108 started 06/27/17 @ 20:18:21, file name: 00108.ip2
speed: 50000, time: 0019156, temp: 20.0, w2t: 5.27E+11

Scan sequence 00109 started 06/27/17 @ 20:21:21, file name: 00109.ip2
speed: 50000, time: 0019335, temp: 20.0, w2t: 5.32E+11

Scan sequence 00110 started 06/27/17 @ 20:24:22, file name: 00110.ip2
speed: 50000, time: 0019513, temp: 20.0, w2t: 5.37E+11

Scan sequence 00111 started 06/27/17 @ 20:27:22, file name: 00111.ip2
speed: 50000, time: 0019692, temp: 20.0, w2t: 5.42E+11

Scan sequence 00112 started 06/27/17 @ 20:30:22, file name: 00112.ip2
speed: 50000, time: 0019870, temp: 20.0, w2t: 5.47E+11

Scan sequence 00113 started 06/27/17 @ 20:33:22, file name: 00113.ip2
speed: 50000, time: 0020049, temp: 20.0, w2t: 5.52E+11

Scan sequence 00114 started 06/27/17 @ 20:36:24, file name: 00114.ip2
speed: 50000, time: 0020230, temp: 20.0, w2t: 5.57E+11

Scan sequence 00115 started 06/27/17 @ 20:39:24, file name: 00115.ip2
speed: 50000, time: 0020409, temp: 20.0, w2t: 5.62E+11

Scan sequence 00116 started 06/27/17 @ 20:42:24, file name: 00116.ip2
speed: 50000, time: 0020588, temp: 20.0, w2t: 5.67E+11

Scan sequence 00117 started 06/27/17 @ 20:45:25, file name: 00117.ip2
speed: 50000, time: 0020766, temp: 20.0, w2t: 5.71E+11

Scan sequence 00118 started 06/27/17 @ 20:48:25, file name: 00118.ip2
speed: 50000, time: 0020944, temp: 20.0, w2t: 5.76E+11

Scan sequence 00119 started 06/27/17 @ 20:51:25, file name: 00119.ip2
speed: 50000, time: 0021123, temp: 20.0, w2t: 5.81E+11

Scan sequence 00120 started 06/27/17 @ 20:54:27, file name: 00120.ip2
speed: 50000, time: 0021304, temp: 20.0, w2t: 5.86E+11

Scan sequence 00121 started 06/27/17 @ 20:57:28, file name: 00121.ip2
speed: 50000, time: 0021484, temp: 20.0, w2t: 5.91E+11

Scan sequence 00122 started 06/27/17 @ 21:00:27, file name: 00122.ip2
speed: 50000, time: 0021662, temp: 20.0, w2t: 5.96E+11

Scan sequence 00123 started 06/27/17 @ 21:03:28, file name: 00123.ip2
speed: 50000, time: 0021840, temp: 20.0, w2t: 6.01E+11

Scan sequence 00124 started 06/27/17 @ 21:06:28, file name: 00124.ip2
speed: 50000, time: 0022019, temp: 20.0, w2t: 6.06E+11

Scan sequence 00125 started 06/27/17 @ 21:09:28, file name: 00125.ip2
speed: 50000, time: 0022198, temp: 20.0, w2t: 6.11E+11

Scan sequence 00126 started 06/27/17 @ 21:12:30, file name: 00126.ip2
speed: 50000, time: 0022379, temp: 20.0, w2t: 6.16E+11

Scan sequence 00127 started 06/27/17 @ 21:15:30, file name: 00127.ip2
speed: 50000, time: 0022558, temp: 20.0, w2t: 6.21E+11

Scan sequence 00128 started 06/27/17 @ 21:18:31, file name: 00128.ip2
speed: 50000, time: 0022737, temp: 20.0, w2t: 6.26E+11

Scan sequence 00129 started 06/27/17 @ 21:21:31, file name: 00129.ip2
speed: 50000, time: 0022915, temp: 20.0, w2t: 6.31E+11

Scan sequence 00130 started 06/27/17 @ 21:24:32, file name: 00130.ip2
speed: 50000, time: 0023094, temp: 20.0, w2t: 6.36E+11

Scan sequence 00131 started 06/27/17 @ 21:27:32, file name: 00131.ip2
speed: 50000, time: 0023273, temp: 20.0, w2t: 6.41E+11

Scan sequence 00132 started 06/27/17 @ 21:30:33, file name: 00132.ip2
speed: 50000, time: 0023453, temp: 20.0, w2t: 6.46E+11

Scan sequence 00133 started 06/27/17 @ 21:33:33, file name: 00133.ip2
speed: 50000, time: 0023632, temp: 20.0, w2t: 6.51E+11

Scan sequence 00134 started 06/27/17 @ 21:36:34, file name: 00134.ip2
speed: 50000, time: 0023810, temp: 20.0, w2t: 6.56E+11

Scan sequence 00135 started 06/27/17 @ 21:39:34, file name: 00135.ip2
speed: 50000, time: 0023989, temp: 20.0, w2t: 6.60E+11

Scan sequence 00136 started 06/27/17 @ 21:42:34, file name: 00136.ip2
speed: 50000, time: 0024167, temp: 20.0, w2t: 6.65E+11

Scan sequence 00137 started 06/27/17 @ 21:45:34, file name: 00137.ip2
speed: 50000, time: 0024346, temp: 20.0, w2t: 6.70E+11

Scan sequence 00138 started 06/27/17 @ 21:48:36, file name: 00138.ip2
speed: 50000, time: 0024527, temp: 20.0, w2t: 6.75E+11

Scan sequence 00139 started 06/27/17 @ 21:51:37, file name: 00139.ip2
speed: 50000, time: 0024707, temp: 20.0, w2t: 6.80E+11

Scan sequence 00140 started 06/27/17 @ 21:54:37, file name: 00140.ip2
speed: 50000, time: 0024886, temp: 20.0, w2t: 6.85E+11

Scan sequence 00141 started 06/27/17 @ 21:57:37, file name: 00141.ip2
speed: 50000, time: 0025063, temp: 20.0, w2t: 6.90E+11

Scan sequence 00142 started 06/27/17 @ 22:00:37, file name: 00142.ip2
speed: 50000, time: 0025242, temp: 20.0, w2t: 6.95E+11

Scan sequence 00143 started 06/27/17 @ 22:03:38, file name: 00143.ip2
speed: 50000, time: 0025421, temp: 20.0, w2t: 7.00E+11

Scan sequence 00144 started 06/27/17 @ 22:06:39, file name: 00144.ip2
speed: 50000, time: 0025602, temp: 20.0, w2t: 7.05E+11

Scan sequence 00145 started 06/27/17 @ 22:09:39, file name: 00145.ip2
speed: 50000, time: 0025780, temp: 20.0, w2t: 7.10E+11

Scan sequence 00146 started 06/27/17 @ 22:12:39, file name: 00146.ip2
speed: 50000, time: 0025959, temp: 20.0, w2t: 7.15E+11

Scan sequence 00147 started 06/27/17 @ 22:15:40, file name: 00147.ip2
speed: 50000, time: 0026137, temp: 20.0, w2t: 7.20E+11

Scan sequence 00148 started 06/27/17 @ 22:18:40, file name: 00148.ip2
speed: 50000, time: 0026316, temp: 20.0, w2t: 7.25E+11

Scan sequence 00149 started 06/27/17 @ 22:21:41, file name: 00149.ip2
speed: 50000, time: 0026495, temp: 20.0, w2t: 7.30E+11

Scan sequence 00150 started 06/27/17 @ 22:24:42, file name: 00150.ip2
speed: 50000, time: 0026676, temp: 20.0, w2t: 7.35E+11

Scan sequence 00151 started 06/27/17 @ 22:27:42, file name: 00151.ip2
speed: 50000, time: 0026855, temp: 20.0, w2t: 7.40E+11

Scan sequence 00152 started 06/27/17 @ 22:30:43, file name: 00152.ip2
speed: 50000, time: 0027033, temp: 20.0, w2t: 7.45E+11

Scan sequence 00153 started 06/27/17 @ 22:33:43, file name: 00153.ip2
speed: 50000, time: 0027212, temp: 20.0, w2t: 7.49E+11

Scan sequence 00154 started 06/27/17 @ 22:36:43, file name: 00154.ip2
speed: 50000, time: 0027390, temp: 20.0, w2t: 7.54E+11

Scan sequence 00155 started 06/27/17 @ 22:39:43, file name: 00155.ip2
speed: 50000, time: 0027569, temp: 20.0, w2t: 7.59E+11

Scan sequence 00156 started 06/27/17 @ 22:42:45, file name: 00156.ip2
speed: 50000, time: 0027750, temp: 20.0, w2t: 7.64E+11

Scan sequence 00157 started 06/27/17 @ 22:45:45, file name: 00157.ip2
speed: 50000, time: 0027929, temp: 20.0, w2t: 7.69E+11

Scan sequence 00158 started 06/27/17 @ 22:48:45, file name: 00158.ip2
speed: 50000, time: 0028108, temp: 20.0, w2t: 7.74E+11

Scan sequence 00159 started 06/27/17 @ 22:51:46, file name: 00159.ip2
speed: 50000, time: 0028286, temp: 20.0, w2t: 7.79E+11

Scan sequence 00160 started 06/27/17 @ 22:54:46, file name: 00160.ip2
speed: 50000, time: 0028465, temp: 20.0, w2t: 7.84E+11

Scan sequence 00161 started 06/27/17 @ 22:57:47, file name: 00161.ip2
speed: 50000, time: 0028644, temp: 20.0, w2t: 7.89E+11

Scan sequence 00162 started 06/27/17 @ 23:00:48, file name: 00162.ip2
speed: 50000, time: 0028825, temp: 20.0, w2t: 7.94E+11

Scan sequence 00163 started 06/27/17 @ 23:03:49, file name: 00163.ip2
speed: 50000, time: 0029004, temp: 20.0, w2t: 7.99E+11

Scan sequence 00164 started 06/27/17 @ 23:06:49, file name: 00164.ip2
speed: 50000, time: 0029182, temp: 20.0, w2t: 8.04E+11

Scan sequence 00165 started 06/27/17 @ 23:09:49, file name: 00165.ip2
speed: 50000, time: 0029360, temp: 20.0, w2t: 8.09E+11