XL-I Version 5.8 Cell 3 Channel A Scan Log
Log & data file folder: C:\xlidata\062717\145618
Log file name: cell3chA.log
Log created: 06/27/17 @ 14:59:15
Scan settings file name: C:\\NONAME99.SCN
Alignment angle:  0.00
Points per fringe: 23.25
Laser delay:   1.90
Laser duration:  0.50
Laser gain: 0
Laser offset: 0
Blank subtraction: yes
Blank points/fringe: 22.00
Blank delay:  41.00
Blank duration:  0.40
Blank gain: 0
Blank offset: 0

Scan(s) started 06/27/17 @ 14:59:15, delay: 00:00:00, interval: 00:03:00
speed: 50000, time: 0000166, temp: 19.9, w2t: 1.94E+09

Scan sequence 00001 started 06/27/17 @ 14:59:18, file name: 00001.ip3
speed: 50000, time: 0000169, temp: 19.9, w2t: 2.02E+09

Scan sequence 00002 started 06/27/17 @ 14:59:37, file name: 00002.ip3
speed: 50000, time: 0000187, temp: 19.9, w2t: 2.57E+09

Scan sequence 00003 started 06/27/17 @ 15:02:35, file name: 00003.ip3
speed: 50000, time: 0000363, temp: 20.0, w2t: 7.40E+09

Scan sequence 00004 started 06/27/17 @ 15:05:35, file name: 00004.ip3
speed: 50000, time: 0000543, temp: 20.1, w2t: 1.24E+10

Scan sequence 00005 started 06/27/17 @ 15:08:35, file name: 00005.ip3
speed: 50000, time: 0000722, temp: 20.1, w2t: 1.73E+10

Scan sequence 00006 started 06/27/17 @ 15:11:36, file name: 00006.ip3
speed: 50000, time: 0000902, temp: 20.2, w2t: 2.23E+10

Scan sequence 00007 started 06/27/17 @ 15:14:37, file name: 00007.ip3
speed: 50000, time: 0001079, temp: 20.2, w2t: 2.73E+10

Scan sequence 00008 started 06/27/17 @ 15:17:36, file name: 00008.ip3
speed: 50000, time: 0001259, temp: 20.2, w2t: 3.22E+10

Scan sequence 00009 started 06/27/17 @ 15:20:37, file name: 00009.ip3
speed: 50000, time: 0001436, temp: 20.2, w2t: 3.71E+10

Scan sequence 00010 started 06/27/17 @ 15:23:38, file name: 00010.ip3
speed: 50000, time: 0001618, temp: 20.2, w2t: 4.21E+10

Scan sequence 00011 started 06/27/17 @ 15:26:40, file name: 00011.ip3
speed: 50000, time: 0001797, temp: 20.2, w2t: 4.70E+10

Scan sequence 00012 started 06/27/17 @ 15:29:39, file name: 00012.ip3
speed: 50000, time: 0001976, temp: 20.2, w2t: 5.20E+10

Scan sequence 00013 started 06/27/17 @ 15:32:38, file name: 00013.ip3
speed: 50000, time: 0002154, temp: 20.2, w2t: 5.69E+10

Scan sequence 00014 started 06/27/17 @ 15:35:39, file name: 00014.ip3
speed: 50000, time: 0002333, temp: 20.1, w2t: 6.18E+10

Scan sequence 00015 started 06/27/17 @ 15:38:41, file name: 00015.ip3
speed: 50000, time: 0002511, temp: 20.2, w2t: 6.68E+10

Scan sequence 00016 started 06/27/17 @ 15:41:41, file name: 00016.ip3
speed: 50000, time: 0002691, temp: 20.1, w2t: 7.18E+10

Scan sequence 00017 started 06/27/17 @ 15:44:42, file name: 00017.ip3
speed: 50000, time: 0002870, temp: 20.1, w2t: 7.67E+10

Scan sequence 00018 started 06/27/17 @ 15:47:42, file name: 00018.ip3
speed: 50000, time: 0003050, temp: 20.1, w2t: 8.17E+10

Scan sequence 00019 started 06/27/17 @ 15:50:44, file name: 00019.ip3
speed: 50000, time: 0003228, temp: 20.1, w2t: 8.66E+10

Scan sequence 00020 started 06/27/17 @ 15:53:42, file name: 00020.ip3
speed: 50000, time: 0003406, temp: 20.1, w2t: 9.15E+10

Scan sequence 00021 started 06/27/17 @ 15:56:42, file name: 00021.ip3
speed: 50000, time: 0003584, temp: 20.1, w2t: 9.65E+10

Scan sequence 00022 started 06/27/17 @ 15:59:45, file name: 00022.ip3
speed: 50000, time: 0003766, temp: 20.1, w2t: 1.01E+11

Scan sequence 00023 started 06/27/17 @ 16:02:45, file name: 00023.ip3
speed: 50000, time: 0003945, temp: 20.0, w2t: 1.06E+11

Scan sequence 00024 started 06/27/17 @ 16:05:44, file name: 00024.ip3
speed: 50000, time: 0004123, temp: 20.1, w2t: 1.11E+11

Scan sequence 00025 started 06/27/17 @ 16:08:44, file name: 00025.ip3
speed: 50000, time: 0004301, temp: 20.0, w2t: 1.16E+11

Scan sequence 00026 started 06/27/17 @ 16:11:46, file name: 00026.ip3
speed: 50000, time: 0004480, temp: 20.0, w2t: 1.21E+11

Scan sequence 00027 started 06/27/17 @ 16:14:46, file name: 00027.ip3
speed: 50000, time: 0004658, temp: 20.0, w2t: 1.26E+11

Scan sequence 00028 started 06/27/17 @ 16:17:48, file name: 00028.ip3
speed: 50000, time: 0004840, temp: 20.0, w2t: 1.31E+11

Scan sequence 00029 started 06/27/17 @ 16:20:48, file name: 00029.ip3
speed: 50000, time: 0005019, temp: 20.0, w2t: 1.36E+11

Scan sequence 00030 started 06/27/17 @ 16:23:47, file name: 00030.ip3
speed: 50000, time: 0005196, temp: 20.0, w2t: 1.41E+11

Scan sequence 00031 started 06/27/17 @ 16:26:47, file name: 00031.ip3
speed: 50000, time: 0005375, temp: 20.0, w2t: 1.46E+11

Scan sequence 00032 started 06/27/17 @ 16:29:47, file name: 00032.ip3
speed: 50000, time: 0005554, temp: 20.0, w2t: 1.51E+11

Scan sequence 00033 started 06/27/17 @ 16:32:48, file name: 00033.ip3
speed: 50000, time: 0005733, temp: 20.0, w2t: 1.56E+11

Scan sequence 00034 started 06/27/17 @ 16:35:50, file name: 00034.ip3
speed: 50000, time: 0005914, temp: 20.0, w2t: 1.61E+11

Scan sequence 00035 started 06/27/17 @ 16:38:50, file name: 00035.ip3
speed: 50000, time: 0006092, temp: 20.0, w2t: 1.66E+11

Scan sequence 00036 started 06/27/17 @ 16:41:50, file name: 00036.ip3
speed: 50000, time: 0006271, temp: 20.0, w2t: 1.71E+11

Scan sequence 00037 started 06/27/17 @ 16:44:53, file name: 00037.ip3
speed: 50000, time: 0006450, temp: 20.0, w2t: 1.76E+11

Scan sequence 00038 started 06/27/17 @ 16:47:50, file name: 00038.ip3
speed: 50000, time: 0006628, temp: 20.0, w2t: 1.81E+11

Scan sequence 00039 started 06/27/17 @ 16:50:53, file name: 00039.ip3
speed: 50000, time: 0006807, temp: 20.0, w2t: 1.86E+11

Scan sequence 00040 started 06/27/17 @ 16:53:55, file name: 00040.ip3
speed: 50000, time: 0006990, temp: 20.0, w2t: 1.91E+11

Scan sequence 00041 started 06/27/17 @ 16:56:53, file name: 00041.ip3
speed: 50000, time: 0007165, temp: 20.0, w2t: 1.95E+11

Scan sequence 00042 started 06/27/17 @ 16:59:54, file name: 00042.ip3
speed: 50000, time: 0007347, temp: 20.0, w2t: 2.00E+11

Scan sequence 00043 started 06/27/17 @ 17:02:54, file name: 00043.ip3
speed: 50000, time: 0007525, temp: 20.0, w2t: 2.05E+11

Scan sequence 00044 started 06/27/17 @ 17:05:55, file name: 00044.ip3
speed: 50000, time: 0007704, temp: 20.0, w2t: 2.10E+11

Scan sequence 00045 started 06/27/17 @ 17:08:55, file name: 00045.ip3
speed: 50000, time: 0007882, temp: 20.0, w2t: 2.15E+11

Scan sequence 00046 started 06/27/17 @ 17:11:55, file name: 00046.ip3
speed: 50000, time: 0008060, temp: 20.0, w2t: 2.20E+11

Scan sequence 00047 started 06/27/17 @ 17:14:54, file name: 00047.ip3
speed: 50000, time: 0008239, temp: 20.0, w2t: 2.25E+11

Scan sequence 00048 started 06/27/17 @ 17:17:58, file name: 00048.ip3
speed: 50000, time: 0008422, temp: 20.0, w2t: 2.30E+11

Scan sequence 00049 started 06/27/17 @ 17:20:57, file name: 00049.ip3
speed: 50000, time: 0008600, temp: 20.0, w2t: 2.35E+11

Scan sequence 00050 started 06/27/17 @ 17:23:57, file name: 00050.ip3
speed: 50000, time: 0008777, temp: 20.0, w2t: 2.40E+11

Scan sequence 00051 started 06/27/17 @ 17:26:57, file name: 00051.ip3
speed: 50000, time: 0008956, temp: 20.0, w2t: 2.45E+11

Scan sequence 00052 started 06/27/17 @ 17:29:57, file name: 00052.ip3
speed: 50000, time: 0009135, temp: 20.0, w2t: 2.50E+11

Scan sequence 00053 started 06/27/17 @ 17:32:59, file name: 00053.ip3
speed: 50000, time: 0009314, temp: 20.0, w2t: 2.55E+11

Scan sequence 00054 started 06/27/17 @ 17:36:01, file name: 00054.ip3
speed: 50000, time: 0009496, temp: 20.0, w2t: 2.60E+11

Scan sequence 00055 started 06/27/17 @ 17:39:01, file name: 00055.ip3
speed: 50000, time: 0009674, temp: 20.0, w2t: 2.65E+11

Scan sequence 00056 started 06/27/17 @ 17:42:00, file name: 00056.ip3
speed: 50000, time: 0009852, temp: 20.0, w2t: 2.70E+11

Scan sequence 00057 started 06/27/17 @ 17:45:00, file name: 00057.ip3
speed: 50000, time: 0010030, temp: 20.0, w2t: 2.75E+11

Scan sequence 00058 started 06/27/17 @ 17:48:00, file name: 00058.ip3
speed: 50000, time: 0010209, temp: 20.0, w2t: 2.80E+11

Scan sequence 00059 started 06/27/17 @ 17:51:00, file name: 00059.ip3
speed: 50000, time: 0010388, temp: 20.0, w2t: 2.84E+11

Scan sequence 00060 started 06/27/17 @ 17:54:03, file name: 00060.ip3
speed: 50000, time: 0010568, temp: 20.0, w2t: 2.89E+11

Scan sequence 00061 started 06/27/17 @ 17:57:03, file name: 00061.ip3
speed: 50000, time: 0010747, temp: 20.0, w2t: 2.94E+11

Scan sequence 00062 started 06/27/17 @ 18:00:03, file name: 00062.ip3
speed: 50000, time: 0010925, temp: 20.0, w2t: 2.99E+11

Scan sequence 00063 started 06/27/17 @ 18:03:03, file name: 00063.ip3
speed: 50000, time: 0011104, temp: 20.0, w2t: 3.04E+11

Scan sequence 00064 started 06/27/17 @ 18:06:03, file name: 00064.ip3
speed: 50000, time: 0011283, temp: 20.0, w2t: 3.09E+11

Scan sequence 00065 started 06/27/17 @ 18:09:04, file name: 00065.ip3
speed: 50000, time: 0011462, temp: 20.0, w2t: 3.14E+11

Scan sequence 00066 started 06/27/17 @ 18:12:06, file name: 00066.ip3
speed: 50000, time: 0011643, temp: 20.0, w2t: 3.19E+11

Scan sequence 00067 started 06/27/17 @ 18:15:07, file name: 00067.ip3
speed: 50000, time: 0011823, temp: 20.0, w2t: 3.24E+11

Scan sequence 00068 started 06/27/17 @ 18:18:07, file name: 00068.ip3
speed: 50000, time: 0012000, temp: 20.0, w2t: 3.29E+11

Scan sequence 00069 started 06/27/17 @ 18:21:07, file name: 00069.ip3
speed: 50000, time: 0012179, temp: 20.0, w2t: 3.34E+11

Scan sequence 00070 started 06/27/17 @ 18:24:07, file name: 00070.ip3
speed: 50000, time: 0012357, temp: 20.0, w2t: 3.39E+11

Scan sequence 00071 started 06/27/17 @ 18:27:07, file name: 00071.ip3
speed: 50000, time: 0012536, temp: 20.0, w2t: 3.44E+11

Scan sequence 00072 started 06/27/17 @ 18:30:09, file name: 00072.ip3
speed: 50000, time: 0012717, temp: 20.0, w2t: 3.49E+11

Scan sequence 00073 started 06/27/17 @ 18:33:09, file name: 00073.ip3
speed: 50000, time: 0012896, temp: 20.0, w2t: 3.54E+11

Scan sequence 00074 started 06/27/17 @ 18:36:11, file name: 00074.ip3
speed: 50000, time: 0013075, temp: 20.0, w2t: 3.59E+11

Scan sequence 00075 started 06/27/17 @ 18:39:11, file name: 00075.ip3
speed: 50000, time: 0013253, temp: 20.0, w2t: 3.64E+11

Scan sequence 00076 started 06/27/17 @ 18:42:10, file name: 00076.ip3
speed: 50000, time: 0013432, temp: 20.0, w2t: 3.69E+11

Scan sequence 00077 started 06/27/17 @ 18:45:09, file name: 00077.ip3
speed: 50000, time: 0013610, temp: 20.0, w2t: 3.74E+11

Scan sequence 00078 started 06/27/17 @ 18:48:12, file name: 00078.ip3
speed: 50000, time: 0013792, temp: 20.0, w2t: 3.79E+11

Scan sequence 00079 started 06/27/17 @ 18:51:12, file name: 00079.ip3
speed: 50000, time: 0013969, temp: 20.0, w2t: 3.84E+11

Scan sequence 00080 started 06/27/17 @ 18:54:12, file name: 00080.ip3
speed: 50000, time: 0014148, temp: 20.0, w2t: 3.88E+11

Scan sequence 00081 started 06/27/17 @ 18:57:12, file name: 00081.ip3
speed: 50000, time: 0014327, temp: 20.0, w2t: 3.93E+11

Scan sequence 00082 started 06/27/17 @ 19:00:12, file name: 00082.ip3
speed: 50000, time: 0014506, temp: 20.0, w2t: 3.98E+11

Scan sequence 00083 started 06/27/17 @ 19:03:15, file name: 00083.ip3
speed: 50000, time: 0014685, temp: 20.0, w2t: 4.03E+11

Scan sequence 00084 started 06/27/17 @ 19:06:15, file name: 00084.ip3
speed: 50000, time: 0014866, temp: 20.0, w2t: 4.08E+11

Scan sequence 00085 started 06/27/17 @ 19:09:16, file name: 00085.ip3
speed: 50000, time: 0015045, temp: 20.0, w2t: 4.13E+11

Scan sequence 00086 started 06/27/17 @ 19:12:16, file name: 00086.ip3
speed: 50000, time: 0015222, temp: 20.0, w2t: 4.18E+11

Scan sequence 00087 started 06/27/17 @ 19:15:15, file name: 00087.ip3
speed: 50000, time: 0015401, temp: 20.0, w2t: 4.23E+11

Scan sequence 00088 started 06/27/17 @ 19:18:18, file name: 00088.ip3
speed: 50000, time: 0015580, temp: 20.0, w2t: 4.28E+11

Scan sequence 00089 started 06/27/17 @ 19:21:15, file name: 00089.ip3
speed: 50000, time: 0015758, temp: 20.0, w2t: 4.33E+11

Scan sequence 00090 started 06/27/17 @ 19:24:18, file name: 00090.ip3
speed: 50000, time: 0015940, temp: 20.0, w2t: 4.38E+11

Scan sequence 00091 started 06/27/17 @ 19:27:18, file name: 00091.ip3
speed: 50000, time: 0016118, temp: 20.0, w2t: 4.43E+11

Scan sequence 00092 started 06/27/17 @ 19:30:18, file name: 00092.ip3
speed: 50000, time: 0016296, temp: 20.0, w2t: 4.48E+11

Scan sequence 00093 started 06/27/17 @ 19:33:18, file name: 00093.ip3
speed: 50000, time: 0016475, temp: 20.0, w2t: 4.53E+11

Scan sequence 00094 started 06/27/17 @ 19:36:19, file name: 00094.ip3
speed: 50000, time: 0016654, temp: 20.0, w2t: 4.58E+11

Scan sequence 00095 started 06/27/17 @ 19:39:18, file name: 00095.ip3
speed: 50000, time: 0016833, temp: 20.0, w2t: 4.63E+11

Scan sequence 00096 started 06/27/17 @ 19:42:21, file name: 00096.ip3
speed: 50000, time: 0017013, temp: 20.0, w2t: 4.68E+11

Scan sequence 00097 started 06/27/17 @ 19:45:22, file name: 00097.ip3
speed: 50000, time: 0017193, temp: 20.0, w2t: 4.73E+11

Scan sequence 00098 started 06/27/17 @ 19:48:21, file name: 00098.ip3
speed: 50000, time: 0017371, temp: 20.0, w2t: 4.78E+11

Scan sequence 00099 started 06/27/17 @ 19:51:21, file name: 00099.ip3
speed: 50000, time: 0017550, temp: 20.0, w2t: 4.82E+11

Scan sequence 00100 started 06/27/17 @ 19:54:21, file name: 00100.ip3
speed: 50000, time: 0017728, temp: 20.0, w2t: 4.87E+11

Scan sequence 00101 started 06/27/17 @ 19:57:22, file name: 00101.ip3
speed: 50000, time: 0017906, temp: 20.0, w2t: 4.92E+11

Scan sequence 00102 started 06/27/17 @ 20:00:24, file name: 00102.ip3
speed: 50000, time: 0018088, temp: 20.0, w2t: 4.97E+11

Scan sequence 00103 started 06/27/17 @ 20:03:24, file name: 00103.ip3
speed: 50000, time: 0018266, temp: 20.0, w2t: 5.02E+11

Scan sequence 00104 started 06/27/17 @ 20:06:24, file name: 00104.ip3
speed: 50000, time: 0018445, temp: 20.0, w2t: 5.07E+11

Scan sequence 00105 started 06/27/17 @ 20:09:24, file name: 00105.ip3
speed: 50000, time: 0018624, temp: 20.0, w2t: 5.12E+11

Scan sequence 00106 started 06/27/17 @ 20:12:24, file name: 00106.ip3
speed: 50000, time: 0018803, temp: 20.0, w2t: 5.17E+11

Scan sequence 00107 started 06/27/17 @ 20:15:26, file name: 00107.ip3
speed: 50000, time: 0018981, temp: 20.0, w2t: 5.22E+11

Scan sequence 00108 started 06/27/17 @ 20:18:27, file name: 00108.ip3
speed: 50000, time: 0019162, temp: 20.0, w2t: 5.27E+11

Scan sequence 00109 started 06/27/17 @ 20:21:27, file name: 00109.ip3
speed: 50000, time: 0019340, temp: 20.0, w2t: 5.32E+11

Scan sequence 00110 started 06/27/17 @ 20:24:27, file name: 00110.ip3
speed: 50000, time: 0019519, temp: 20.0, w2t: 5.37E+11

Scan sequence 00111 started 06/27/17 @ 20:27:27, file name: 00111.ip3
speed: 50000, time: 0019698, temp: 20.0, w2t: 5.42E+11

Scan sequence 00112 started 06/27/17 @ 20:30:27, file name: 00112.ip3
speed: 50000, time: 0019877, temp: 20.0, w2t: 5.47E+11

Scan sequence 00113 started 06/27/17 @ 20:33:28, file name: 00113.ip3
speed: 50000, time: 0020055, temp: 20.0, w2t: 5.52E+11

Scan sequence 00114 started 06/27/17 @ 20:36:30, file name: 00114.ip3
speed: 50000, time: 0020236, temp: 20.0, w2t: 5.57E+11

Scan sequence 00115 started 06/27/17 @ 20:39:30, file name: 00115.ip3
speed: 50000, time: 0020415, temp: 20.0, w2t: 5.62E+11

Scan sequence 00116 started 06/27/17 @ 20:42:30, file name: 00116.ip3
speed: 50000, time: 0020593, temp: 20.0, w2t: 5.67E+11

Scan sequence 00117 started 06/27/17 @ 20:45:30, file name: 00117.ip3
speed: 50000, time: 0020773, temp: 20.0, w2t: 5.72E+11

Scan sequence 00118 started 06/27/17 @ 20:48:30, file name: 00118.ip3
speed: 50000, time: 0020951, temp: 20.0, w2t: 5.77E+11

Scan sequence 00119 started 06/27/17 @ 20:51:31, file name: 00119.ip3
speed: 50000, time: 0021129, temp: 20.0, w2t: 5.81E+11

Scan sequence 00120 started 06/27/17 @ 20:54:33, file name: 00120.ip3
speed: 50000, time: 0021310, temp: 20.0, w2t: 5.86E+11

Scan sequence 00121 started 06/27/17 @ 20:57:33, file name: 00121.ip3
speed: 50000, time: 0021490, temp: 20.0, w2t: 5.91E+11

Scan sequence 00122 started 06/27/17 @ 21:00:33, file name: 00122.ip3
speed: 50000, time: 0021667, temp: 20.0, w2t: 5.96E+11

Scan sequence 00123 started 06/27/17 @ 21:03:33, file name: 00123.ip3
speed: 50000, time: 0021847, temp: 20.0, w2t: 6.01E+11

Scan sequence 00124 started 06/27/17 @ 21:06:34, file name: 00124.ip3
speed: 50000, time: 0022026, temp: 20.0, w2t: 6.06E+11

Scan sequence 00125 started 06/27/17 @ 21:09:34, file name: 00125.ip3
speed: 50000, time: 0022203, temp: 20.0, w2t: 6.11E+11

Scan sequence 00126 started 06/27/17 @ 21:12:36, file name: 00126.ip3
speed: 50000, time: 0022385, temp: 20.0, w2t: 6.16E+11

Scan sequence 00127 started 06/27/17 @ 21:15:36, file name: 00127.ip3
speed: 50000, time: 0022564, temp: 20.0, w2t: 6.21E+11

Scan sequence 00128 started 06/27/17 @ 21:18:37, file name: 00128.ip3
speed: 50000, time: 0022743, temp: 20.0, w2t: 6.26E+11

Scan sequence 00129 started 06/27/17 @ 21:21:37, file name: 00129.ip3
speed: 50000, time: 0022921, temp: 20.0, w2t: 6.31E+11

Scan sequence 00130 started 06/27/17 @ 21:24:37, file name: 00130.ip3
speed: 50000, time: 0023099, temp: 20.0, w2t: 6.36E+11

Scan sequence 00131 started 06/27/17 @ 21:27:37, file name: 00131.ip3
speed: 50000, time: 0023278, temp: 20.0, w2t: 6.41E+11

Scan sequence 00132 started 06/27/17 @ 21:30:40, file name: 00132.ip3
speed: 50000, time: 0023460, temp: 20.0, w2t: 6.46E+11

Scan sequence 00133 started 06/27/17 @ 21:33:39, file name: 00133.ip3
speed: 50000, time: 0023638, temp: 20.0, w2t: 6.51E+11

Scan sequence 00134 started 06/27/17 @ 21:36:40, file name: 00134.ip3
speed: 50000, time: 0023817, temp: 20.0, w2t: 6.56E+11

Scan sequence 00135 started 06/27/17 @ 21:39:40, file name: 00135.ip3
speed: 50000, time: 0023995, temp: 20.0, w2t: 6.61E+11

Scan sequence 00136 started 06/27/17 @ 21:42:40, file name: 00136.ip3
speed: 50000, time: 0024174, temp: 20.0, w2t: 6.66E+11

Scan sequence 00137 started 06/27/17 @ 21:45:40, file name: 00137.ip3
speed: 50000, time: 0024352, temp: 20.0, w2t: 6.70E+11

Scan sequence 00138 started 06/27/17 @ 21:48:42, file name: 00138.ip3
speed: 50000, time: 0024533, temp: 20.0, w2t: 6.75E+11

Scan sequence 00139 started 06/27/17 @ 21:51:43, file name: 00139.ip3
speed: 50000, time: 0024713, temp: 20.0, w2t: 6.80E+11

Scan sequence 00140 started 06/27/17 @ 21:54:43, file name: 00140.ip3
speed: 50000, time: 0024891, temp: 20.0, w2t: 6.85E+11

Scan sequence 00141 started 06/27/17 @ 21:57:43, file name: 00141.ip3
speed: 50000, time: 0025069, temp: 20.0, w2t: 6.90E+11

Scan sequence 00142 started 06/27/17 @ 22:00:43, file name: 00142.ip3
speed: 50000, time: 0025249, temp: 20.0, w2t: 6.95E+11

Scan sequence 00143 started 06/27/17 @ 22:03:44, file name: 00143.ip3
speed: 50000, time: 0025426, temp: 20.0, w2t: 7.00E+11

Scan sequence 00144 started 06/27/17 @ 22:06:45, file name: 00144.ip3
speed: 50000, time: 0025608, temp: 20.0, w2t: 7.05E+11

Scan sequence 00145 started 06/27/17 @ 22:09:45, file name: 00145.ip3
speed: 50000, time: 0025786, temp: 20.0, w2t: 7.10E+11

Scan sequence 00146 started 06/27/17 @ 22:12:45, file name: 00146.ip3
speed: 50000, time: 0025965, temp: 20.0, w2t: 7.15E+11

Scan sequence 00147 started 06/27/17 @ 22:15:45, file name: 00147.ip3
speed: 50000, time: 0026143, temp: 20.0, w2t: 7.20E+11

Scan sequence 00148 started 06/27/17 @ 22:18:45, file name: 00148.ip3
speed: 50000, time: 0026322, temp: 20.0, w2t: 7.25E+11

Scan sequence 00149 started 06/27/17 @ 22:21:46, file name: 00149.ip3
speed: 50000, time: 0026501, temp: 20.0, w2t: 7.30E+11

Scan sequence 00150 started 06/27/17 @ 22:24:48, file name: 00150.ip3
speed: 50000, time: 0026682, temp: 20.0, w2t: 7.35E+11

Scan sequence 00151 started 06/27/17 @ 22:27:48, file name: 00151.ip3
speed: 50000, time: 0026861, temp: 20.0, w2t: 7.40E+11

Scan sequence 00152 started 06/27/17 @ 22:30:49, file name: 00152.ip3
speed: 50000, time: 0027040, temp: 20.0, w2t: 7.45E+11

Scan sequence 00153 started 06/27/17 @ 22:33:48, file name: 00153.ip3
speed: 50000, time: 0027218, temp: 20.0, w2t: 7.50E+11

Scan sequence 00154 started 06/27/17 @ 22:36:49, file name: 00154.ip3
speed: 50000, time: 0027397, temp: 20.0, w2t: 7.55E+11

Scan sequence 00155 started 06/27/17 @ 22:39:49, file name: 00155.ip3
speed: 50000, time: 0027575, temp: 20.0, w2t: 7.59E+11

Scan sequence 00156 started 06/27/17 @ 22:42:52, file name: 00156.ip3
speed: 50000, time: 0027757, temp: 20.0, w2t: 7.64E+11

Scan sequence 00157 started 06/27/17 @ 22:45:51, file name: 00157.ip3
speed: 50000, time: 0027935, temp: 20.0, w2t: 7.69E+11

Scan sequence 00158 started 06/27/17 @ 22:48:51, file name: 00158.ip3
speed: 50000, time: 0028113, temp: 20.0, w2t: 7.74E+11

Scan sequence 00159 started 06/27/17 @ 22:51:51, file name: 00159.ip3
speed: 50000, time: 0028292, temp: 20.0, w2t: 7.79E+11

Scan sequence 00160 started 06/27/17 @ 22:54:52, file name: 00160.ip3
speed: 50000, time: 0028470, temp: 20.0, w2t: 7.84E+11

Scan sequence 00161 started 06/27/17 @ 22:57:52, file name: 00161.ip3
speed: 50000, time: 0028649, temp: 20.0, w2t: 7.89E+11

Scan sequence 00162 started 06/27/17 @ 23:00:54, file name: 00162.ip3
speed: 50000, time: 0028831, temp: 20.0, w2t: 7.94E+11

Scan sequence 00163 started 06/27/17 @ 23:03:55, file name: 00163.ip3
speed: 50000, time: 0029009, temp: 20.0, w2t: 7.99E+11

Scan sequence 00164 started 06/27/17 @ 23:06:55, file name: 00164.ip3
speed: 50000, time: 0029188, temp: 20.0, w2t: 8.04E+11

Scan sequence 00165 started 06/27/17 @ 23:09:55, file name: 00165.ip3
speed: 50000, time: 0029367, temp: 20.0, w2t: 8.09E+11