XL-I Version 5.8 Cell 2 Channel A Scan Log
Log & data file folder: C:\xlidata\042314\142830
Log file name: cell2chA.log
Log created: 04/23/14 @ 14:31:42
Scan settings file name: C:\\NONAME99.SCN
Alignment angle:  0.00
Points per fringe: 22.75
Laser delay:  91.80
Laser duration:  0.50
Laser gain: 0
Laser offset: 0
Blank subtraction: yes
Blank points/fringe: 22.00
Blank delay:  41.00
Blank duration:  0.40
Blank gain: 0
Blank offset: 0

Scan(s) started 04/23/14 @ 14:31:42, delay: 00:00:00, interval: 00:03:00
speed: 55000, time: 0000180, temp: 20.0, w2t: 2.44E+09

Scan sequence 00001 started 04/23/14 @ 14:31:46, file name: 00001.ip2
speed: 55000, time: 0000184, temp: 20.0, w2t: 2.54E+09

Scan sequence 00002 started 04/23/14 @ 14:32:05, file name: 00002.ip2
speed: 55000, time: 0000201, temp: 20.1, w2t: 3.20E+09

Scan sequence 00003 started 04/23/14 @ 14:35:03, file name: 00003.ip2
speed: 55000, time: 0000376, temp: 20.1, w2t: 9.08E+09

Scan sequence 00004 started 04/23/14 @ 14:38:02, file name: 00004.ip2
speed: 55000, time: 0000553, temp: 20.2, w2t: 1.50E+10

Scan sequence 00005 started 04/23/14 @ 14:41:03, file name: 00005.ip2
speed: 55000, time: 0000733, temp: 20.3, w2t: 2.11E+10

Scan sequence 00006 started 04/23/14 @ 14:44:04, file name: 00006.ip2
speed: 55000, time: 0000911, temp: 20.3, w2t: 2.71E+10

Scan sequence 00007 started 04/23/14 @ 14:47:04, file name: 00007.ip2
speed: 55000, time: 0001087, temp: 20.3, w2t: 3.30E+10

Scan sequence 00008 started 04/23/14 @ 14:50:04, file name: 00008.ip2
speed: 55000, time: 0001265, temp: 20.3, w2t: 3.90E+10

Scan sequence 00009 started 04/23/14 @ 14:53:05, file name: 00009.ip2
speed: 55000, time: 0001442, temp: 20.3, w2t: 4.50E+10

Scan sequence 00010 started 04/23/14 @ 14:56:05, file name: 00010.ip2
speed: 55000, time: 0001620, temp: 20.3, w2t: 5.09E+10

Scan sequence 00011 started 04/23/14 @ 14:59:07, file name: 00011.ip2
speed: 55000, time: 0001800, temp: 20.3, w2t: 5.70E+10

Scan sequence 00012 started 04/23/14 @ 15:02:06, file name: 00012.ip2
speed: 55000, time: 0001977, temp: 20.3, w2t: 6.29E+10

Scan sequence 00013 started 04/23/14 @ 15:05:08, file name: 00013.ip2
speed: 55000, time: 0002154, temp: 20.2, w2t: 6.90E+10

Scan sequence 00014 started 04/23/14 @ 15:08:08, file name: 00014.ip2
speed: 55000, time: 0002333, temp: 20.2, w2t: 7.50E+10

Scan sequence 00015 started 04/23/14 @ 15:11:09, file name: 00015.ip2
speed: 55000, time: 0002510, temp: 20.2, w2t: 8.10E+10

Scan sequence 00016 started 04/23/14 @ 15:14:09, file name: 00016.ip2
speed: 55000, time: 0002688, temp: 20.2, w2t: 8.69E+10

Scan sequence 00017 started 04/23/14 @ 15:17:09, file name: 00017.ip2
speed: 55000, time: 0002865, temp: 20.2, w2t: 9.29E+10

Scan sequence 00018 started 04/23/14 @ 15:20:09, file name: 00018.ip2
speed: 55000, time: 0003043, temp: 20.2, w2t: 9.88E+10

Scan sequence 00019 started 04/23/14 @ 15:23:11, file name: 00019.ip2
speed: 55000, time: 0003223, temp: 20.1, w2t: 1.05E+11

Scan sequence 00020 started 04/23/14 @ 15:26:11, file name: 00020.ip2
speed: 55000, time: 0003401, temp: 20.1, w2t: 1.11E+11

Scan sequence 00021 started 04/23/14 @ 15:29:12, file name: 00021.ip2
speed: 55000, time: 0003577, temp: 20.1, w2t: 1.17E+11

Scan sequence 00022 started 04/23/14 @ 15:32:12, file name: 00022.ip2
speed: 55000, time: 0003756, temp: 20.1, w2t: 1.23E+11

Scan sequence 00023 started 04/23/14 @ 15:35:13, file name: 00023.ip2
speed: 55000, time: 0003933, temp: 20.1, w2t: 1.29E+11

Scan sequence 00024 started 04/23/14 @ 15:38:13, file name: 00024.ip2
speed: 55000, time: 0004110, temp: 20.1, w2t: 1.35E+11

Scan sequence 00025 started 04/23/14 @ 15:41:13, file name: 00025.ip2
speed: 55000, time: 0004287, temp: 20.0, w2t: 1.41E+11

Scan sequence 00026 started 04/23/14 @ 15:44:13, file name: 00026.ip2
speed: 55000, time: 0004465, temp: 20.0, w2t: 1.47E+11

Scan sequence 00027 started 04/23/14 @ 15:47:15, file name: 00027.ip2
speed: 55000, time: 0004646, temp: 20.0, w2t: 1.53E+11

Scan sequence 00028 started 04/23/14 @ 15:50:15, file name: 00028.ip2
speed: 55000, time: 0004822, temp: 20.0, w2t: 1.59E+11

Scan sequence 00029 started 04/23/14 @ 15:53:16, file name: 00029.ip2
speed: 55000, time: 0005000, temp: 20.0, w2t: 1.65E+11

Scan sequence 00030 started 04/23/14 @ 15:56:15, file name: 00030.ip2
speed: 55000, time: 0005177, temp: 20.0, w2t: 1.71E+11

Scan sequence 00031 started 04/23/14 @ 15:59:15, file name: 00031.ip2
speed: 55000, time: 0005354, temp: 20.0, w2t: 1.77E+11

Scan sequence 00032 started 04/23/14 @ 16:02:16, file name: 00032.ip2
speed: 55000, time: 0005532, temp: 20.0, w2t: 1.83E+11

Scan sequence 00033 started 04/23/14 @ 16:05:17, file name: 00033.ip2
speed: 55000, time: 0005712, temp: 20.0, w2t: 1.89E+11

Scan sequence 00034 started 04/23/14 @ 16:08:17, file name: 00034.ip2
speed: 55000, time: 0005889, temp: 20.0, w2t: 1.95E+11

Scan sequence 00035 started 04/23/14 @ 16:11:18, file name: 00035.ip2
speed: 55000, time: 0006066, temp: 20.0, w2t: 2.01E+11

Scan sequence 00036 started 04/23/14 @ 16:14:19, file name: 00036.ip2
speed: 55000, time: 0006244, temp: 20.0, w2t: 2.07E+11

Scan sequence 00037 started 04/23/14 @ 16:17:18, file name: 00037.ip2
speed: 55000, time: 0006421, temp: 20.0, w2t: 2.13E+11

Scan sequence 00038 started 04/23/14 @ 16:20:19, file name: 00038.ip2
speed: 55000, time: 0006599, temp: 20.0, w2t: 2.19E+11

Scan sequence 00039 started 04/23/14 @ 16:23:20, file name: 00039.ip2
speed: 55000, time: 0006779, temp: 20.0, w2t: 2.25E+11

Scan sequence 00040 started 04/23/14 @ 16:26:21, file name: 00040.ip2
speed: 55000, time: 0006957, temp: 20.0, w2t: 2.31E+11

Scan sequence 00041 started 04/23/14 @ 16:29:21, file name: 00041.ip2
speed: 55000, time: 0007134, temp: 20.0, w2t: 2.37E+11

Scan sequence 00042 started 04/23/14 @ 16:32:21, file name: 00042.ip2
speed: 55000, time: 0007311, temp: 20.0, w2t: 2.43E+11

Scan sequence 00043 started 04/23/14 @ 16:35:21, file name: 00043.ip2
speed: 55000, time: 0007488, temp: 20.0, w2t: 2.49E+11

Scan sequence 00044 started 04/23/14 @ 16:38:23, file name: 00044.ip2
speed: 55000, time: 0007667, temp: 20.0, w2t: 2.55E+11

Scan sequence 00045 started 04/23/14 @ 16:41:23, file name: 00045.ip2
speed: 55000, time: 0007845, temp: 20.0, w2t: 2.61E+11

Scan sequence 00046 started 04/23/14 @ 16:44:24, file name: 00046.ip2
speed: 55000, time: 0008023, temp: 20.0, w2t: 2.67E+11

Scan sequence 00047 started 04/23/14 @ 16:47:24, file name: 00047.ip2
speed: 55000, time: 0008202, temp: 20.0, w2t: 2.73E+11

Scan sequence 00048 started 04/23/14 @ 16:50:25, file name: 00048.ip2
speed: 55000, time: 0008380, temp: 20.0, w2t: 2.79E+11

Scan sequence 00049 started 04/23/14 @ 16:53:26, file name: 00049.ip2
speed: 55000, time: 0008557, temp: 20.0, w2t: 2.85E+11

Scan sequence 00050 started 04/23/14 @ 16:56:25, file name: 00050.ip2
speed: 55000, time: 0008734, temp: 20.0, w2t: 2.90E+11

Scan sequence 00051 started 04/23/14 @ 16:59:26, file name: 00051.ip2
speed: 55000, time: 0008912, temp: 20.0, w2t: 2.96E+11

Scan sequence 00052 started 04/23/14 @ 17:02:26, file name: 00052.ip2
speed: 55000, time: 0009089, temp: 20.0, w2t: 3.02E+11

Scan sequence 00053 started 04/23/14 @ 17:05:28, file name: 00053.ip2
speed: 55000, time: 0009268, temp: 20.0, w2t: 3.09E+11

Scan sequence 00054 started 04/23/14 @ 17:08:28, file name: 00054.ip2
speed: 55000, time: 0009447, temp: 20.0, w2t: 3.14E+11

Scan sequence 00055 started 04/23/14 @ 17:11:29, file name: 00055.ip2
speed: 55000, time: 0009624, temp: 20.0, w2t: 3.20E+11

Scan sequence 00056 started 04/23/14 @ 17:14:28, file name: 00056.ip2
speed: 55000, time: 0009801, temp: 20.0, w2t: 3.26E+11

Scan sequence 00057 started 04/23/14 @ 17:17:30, file name: 00057.ip2
speed: 55000, time: 0009979, temp: 20.0, w2t: 3.32E+11

Scan sequence 00058 started 04/23/14 @ 17:20:30, file name: 00058.ip2
speed: 55000, time: 0010157, temp: 20.0, w2t: 3.38E+11

Scan sequence 00059 started 04/23/14 @ 17:23:31, file name: 00059.ip2
speed: 55000, time: 0010336, temp: 20.0, w2t: 3.44E+11

Scan sequence 00060 started 04/23/14 @ 17:26:31, file name: 00060.ip2
speed: 55000, time: 0010514, temp: 20.0, w2t: 3.50E+11

Scan sequence 00061 started 04/23/14 @ 17:29:32, file name: 00061.ip2
speed: 55000, time: 0010691, temp: 20.0, w2t: 3.56E+11

Scan sequence 00062 started 04/23/14 @ 17:32:31, file name: 00062.ip2
speed: 55000, time: 0010868, temp: 20.0, w2t: 3.62E+11

Scan sequence 00063 started 04/23/14 @ 17:35:31, file name: 00063.ip2
speed: 55000, time: 0011045, temp: 20.0, w2t: 3.68E+11

Scan sequence 00064 started 04/23/14 @ 17:38:32, file name: 00064.ip2
speed: 55000, time: 0011223, temp: 20.0, w2t: 3.74E+11

Scan sequence 00065 started 04/23/14 @ 17:41:33, file name: 00065.ip2
speed: 55000, time: 0011403, temp: 20.0, w2t: 3.80E+11

Scan sequence 00066 started 04/23/14 @ 17:44:34, file name: 00066.ip2
speed: 55000, time: 0011580, temp: 20.0, w2t: 3.86E+11

Scan sequence 00067 started 04/23/14 @ 17:47:35, file name: 00067.ip2
speed: 55000, time: 0011758, temp: 20.0, w2t: 3.92E+11

Scan sequence 00068 started 04/23/14 @ 17:50:34, file name: 00068.ip2
speed: 55000, time: 0011935, temp: 20.0, w2t: 3.98E+11

Scan sequence 00069 started 04/23/14 @ 17:53:34, file name: 00069.ip2
speed: 55000, time: 0012112, temp: 20.0, w2t: 4.04E+11

Scan sequence 00070 started 04/23/14 @ 17:56:35, file name: 00070.ip2
speed: 55000, time: 0012290, temp: 20.0, w2t: 4.10E+11

Scan sequence 00071 started 04/23/14 @ 17:59:36, file name: 00071.ip2
speed: 55000, time: 0012470, temp: 20.0, w2t: 4.16E+11

Scan sequence 00072 started 04/23/14 @ 18:02:37, file name: 00072.ip2
speed: 55000, time: 0012648, temp: 20.0, w2t: 4.22E+11

Scan sequence 00073 started 04/23/14 @ 18:05:38, file name: 00073.ip2
speed: 55000, time: 0012826, temp: 20.0, w2t: 4.28E+11

Scan sequence 00074 started 04/23/14 @ 18:08:38, file name: 00074.ip2
speed: 55000, time: 0013002, temp: 20.0, w2t: 4.34E+11

Scan sequence 00075 started 04/23/14 @ 18:11:37, file name: 00075.ip2
speed: 55000, time: 0013179, temp: 20.0, w2t: 4.40E+11

Scan sequence 00076 started 04/23/14 @ 18:14:38, file name: 00076.ip2
speed: 55000, time: 0013357, temp: 20.0, w2t: 4.46E+11

Scan sequence 00077 started 04/23/14 @ 18:17:39, file name: 00077.ip2
speed: 55000, time: 0013537, temp: 20.0, w2t: 4.52E+11

Scan sequence 00078 started 04/23/14 @ 18:20:41, file name: 00078.ip2
speed: 55000, time: 0013714, temp: 20.0, w2t: 4.58E+11

Scan sequence 00079 started 04/23/14 @ 18:23:40, file name: 00079.ip2
speed: 55000, time: 0013891, temp: 20.0, w2t: 4.64E+11

Scan sequence 00080 started 04/23/14 @ 18:26:40, file name: 00080.ip2
speed: 55000, time: 0014069, temp: 20.0, w2t: 4.70E+11

Scan sequence 00081 started 04/23/14 @ 18:29:40, file name: 00081.ip2
speed: 55000, time: 0014246, temp: 20.0, w2t: 4.76E+11

Scan sequence 00082 started 04/23/14 @ 18:32:41, file name: 00082.ip2
speed: 55000, time: 0014424, temp: 20.0, w2t: 4.82E+11

Scan sequence 00083 started 04/23/14 @ 18:35:42, file name: 00083.ip2
speed: 55000, time: 0014603, temp: 20.0, w2t: 4.88E+11

Scan sequence 00084 started 04/23/14 @ 18:38:42, file name: 00084.ip2
speed: 55000, time: 0014781, temp: 20.0, w2t: 4.94E+11

Scan sequence 00085 started 04/23/14 @ 18:41:43, file name: 00085.ip2
speed: 55000, time: 0014959, temp: 20.0, w2t: 5.00E+11

Scan sequence 00086 started 04/23/14 @ 18:44:43, file name: 00086.ip2
speed: 55000, time: 0015135, temp: 20.0, w2t: 5.06E+11

Scan sequence 00087 started 04/23/14 @ 18:47:43, file name: 00087.ip2
speed: 55000, time: 0015312, temp: 20.0, w2t: 5.12E+11

Scan sequence 00088 started 04/23/14 @ 18:50:44, file name: 00088.ip2
speed: 55000, time: 0015490, temp: 20.0, w2t: 5.18E+11

Scan sequence 00089 started 04/23/14 @ 18:53:45, file name: 00089.ip2
speed: 55000, time: 0015670, temp: 20.0, w2t: 5.24E+11

Scan sequence 00090 started 04/23/14 @ 18:56:45, file name: 00090.ip2
speed: 55000, time: 0015848, temp: 20.0, w2t: 5.30E+11

Scan sequence 00091 started 04/23/14 @ 18:59:46, file name: 00091.ip2
speed: 55000, time: 0016024, temp: 20.0, w2t: 5.36E+11

Scan sequence 00092 started 04/23/14 @ 19:02:46, file name: 00092.ip2
speed: 55000, time: 0016202, temp: 20.0, w2t: 5.42E+11

Scan sequence 00093 started 04/23/14 @ 19:05:46, file name: 00093.ip2
speed: 55000, time: 0016379, temp: 20.0, w2t: 5.48E+11

Scan sequence 00094 started 04/23/14 @ 19:08:47, file name: 00094.ip2
speed: 55000, time: 0016557, temp: 20.0, w2t: 5.54E+11

Scan sequence 00095 started 04/23/14 @ 19:11:49, file name: 00095.ip2
speed: 55000, time: 0016737, temp: 20.0, w2t: 5.60E+11

Scan sequence 00096 started 04/23/14 @ 19:14:49, file name: 00096.ip2
speed: 55000, time: 0016915, temp: 20.0, w2t: 5.66E+11

Scan sequence 00097 started 04/23/14 @ 19:17:49, file name: 00097.ip2
speed: 55000, time: 0017092, temp: 20.0, w2t: 5.72E+11

Scan sequence 00098 started 04/23/14 @ 19:20:49, file name: 00098.ip2
speed: 55000, time: 0017269, temp: 20.0, w2t: 5.78E+11

Scan sequence 00099 started 04/23/14 @ 19:23:50, file name: 00099.ip2
speed: 55000, time: 0017447, temp: 20.0, w2t: 5.84E+11

Scan sequence 00100 started 04/23/14 @ 19:26:50, file name: 00100.ip2
speed: 55000, time: 0017624, temp: 20.0, w2t: 5.90E+11

Scan sequence 00101 started 04/23/14 @ 19:29:51, file name: 00101.ip2
speed: 55000, time: 0017804, temp: 20.0, w2t: 5.96E+11

Scan sequence 00102 started 04/23/14 @ 19:32:52, file name: 00102.ip2
speed: 55000, time: 0017981, temp: 20.0, w2t: 6.02E+11

Scan sequence 00103 started 04/23/14 @ 19:35:52, file name: 00103.ip2
speed: 55000, time: 0018159, temp: 20.0, w2t: 6.08E+11

Scan sequence 00104 started 04/23/14 @ 19:38:52, file name: 00104.ip2
speed: 55000, time: 0018336, temp: 20.0, w2t: 6.14E+11

Scan sequence 00105 started 04/23/14 @ 19:41:53, file name: 00105.ip2
speed: 55000, time: 0018514, temp: 20.0, w2t: 6.20E+11

Scan sequence 00106 started 04/23/14 @ 19:44:53, file name: 00106.ip2
speed: 55000, time: 0018691, temp: 20.0, w2t: 6.26E+11

Scan sequence 00107 started 04/23/14 @ 19:47:54, file name: 00107.ip2
speed: 55000, time: 0018871, temp: 20.0, w2t: 6.32E+11

Scan sequence 00108 started 04/23/14 @ 19:50:54, file name: 00108.ip2
speed: 55000, time: 0019048, temp: 20.0, w2t: 6.38E+11

Scan sequence 00109 started 04/23/14 @ 19:53:55, file name: 00109.ip2
speed: 55000, time: 0019226, temp: 20.0, w2t: 6.44E+11

Scan sequence 00110 started 04/23/14 @ 19:56:55, file name: 00110.ip2
speed: 55000, time: 0019402, temp: 20.0, w2t: 6.50E+11

Scan sequence 00111 started 04/23/14 @ 19:59:57, file name: 00111.ip2
speed: 55000, time: 0019581, temp: 20.0, w2t: 6.56E+11

Scan sequence 00112 started 04/23/14 @ 20:02:56, file name: 00112.ip2
speed: 55000, time: 0019758, temp: 20.0, w2t: 6.62E+11

Scan sequence 00113 started 04/23/14 @ 20:05:57, file name: 00113.ip2
speed: 55000, time: 0019938, temp: 20.0, w2t: 6.68E+11

Scan sequence 00114 started 04/23/14 @ 20:08:58, file name: 00114.ip2
speed: 55000, time: 0020116, temp: 20.0, w2t: 6.74E+11

Scan sequence 00115 started 04/23/14 @ 20:11:58, file name: 00115.ip2
speed: 55000, time: 0020293, temp: 20.0, w2t: 6.80E+11

Scan sequence 00116 started 04/23/14 @ 20:14:59, file name: 00116.ip2
speed: 55000, time: 0020470, temp: 20.0, w2t: 6.86E+11

Scan sequence 00117 started 04/23/14 @ 20:17:58, file name: 00117.ip2
speed: 55000, time: 0020647, temp: 20.0, w2t: 6.92E+11

Scan sequence 00118 started 04/23/14 @ 20:20:59, file name: 00118.ip2
speed: 55000, time: 0020824, temp: 20.0, w2t: 6.97E+11

Scan sequence 00119 started 04/23/14 @ 20:24:00, file name: 00119.ip2
speed: 55000, time: 0021004, temp: 20.0, w2t: 7.04E+11

Scan sequence 00120 started 04/23/14 @ 20:27:00, file name: 00120.ip2
speed: 55000, time: 0021182, temp: 20.0, w2t: 7.09E+11

Scan sequence 00121 started 04/23/14 @ 20:30:02, file name: 00121.ip2
speed: 55000, time: 0021359, temp: 20.0, w2t: 7.15E+11

Scan sequence 00122 started 04/23/14 @ 20:33:01, file name: 00122.ip2
speed: 55000, time: 0021536, temp: 20.0, w2t: 7.21E+11

Scan sequence 00123 started 04/23/14 @ 20:36:02, file name: 00123.ip2
speed: 55000, time: 0021714, temp: 20.0, w2t: 7.27E+11

Scan sequence 00124 started 04/23/14 @ 20:39:02, file name: 00124.ip2
speed: 55000, time: 0021892, temp: 20.0, w2t: 7.33E+11

Scan sequence 00125 started 04/23/14 @ 20:42:03, file name: 00125.ip2
speed: 55000, time: 0022071, temp: 20.0, w2t: 7.39E+11

Scan sequence 00126 started 04/23/14 @ 20:45:03, file name: 00126.ip2
speed: 55000, time: 0022249, temp: 20.0, w2t: 7.45E+11

Scan sequence 00127 started 04/23/14 @ 20:48:05, file name: 00127.ip2
speed: 55000, time: 0022426, temp: 20.0, w2t: 7.51E+11

Scan sequence 00128 started 04/23/14 @ 20:51:04, file name: 00128.ip2
speed: 55000, time: 0022603, temp: 20.0, w2t: 7.57E+11

Scan sequence 00129 started 04/23/14 @ 20:54:05, file name: 00129.ip2
speed: 55000, time: 0022781, temp: 20.0, w2t: 7.63E+11

Scan sequence 00130 started 04/23/14 @ 20:57:05, file name: 00130.ip2
speed: 55000, time: 0022958, temp: 20.0, w2t: 7.69E+11

Scan sequence 00131 started 04/23/14 @ 21:00:07, file name: 00131.ip2
speed: 55000, time: 0023139, temp: 20.0, w2t: 7.75E+11

Scan sequence 00132 started 04/23/14 @ 21:03:08, file name: 00132.ip2
speed: 55000, time: 0023317, temp: 20.0, w2t: 7.81E+11

Scan sequence 00133 started 04/23/14 @ 21:06:08, file name: 00133.ip2
speed: 55000, time: 0023493, temp: 20.0, w2t: 7.87E+11

Scan sequence 00134 started 04/23/14 @ 21:09:07, file name: 00134.ip2
speed: 55000, time: 0023670, temp: 20.0, w2t: 7.93E+11

Scan sequence 00135 started 04/23/14 @ 21:12:08, file name: 00135.ip2
speed: 55000, time: 0023847, temp: 20.0, w2t: 7.99E+11

Scan sequence 00136 started 04/23/14 @ 21:15:08, file name: 00136.ip2
speed: 55000, time: 0024025, temp: 20.0, w2t: 8.05E+11

Scan sequence 00137 started 04/23/14 @ 21:18:10, file name: 00137.ip2
speed: 55000, time: 0024205, temp: 20.0, w2t: 8.11E+11

Scan sequence 00138 started 04/23/14 @ 21:21:10, file name: 00138.ip2
speed: 55000, time: 0024383, temp: 20.0, w2t: 8.17E+11

Scan sequence 00139 started 04/23/14 @ 21:24:11, file name: 00139.ip2
speed: 55000, time: 0024560, temp: 20.0, w2t: 8.23E+11

Scan sequence 00140 started 04/23/14 @ 21:27:10, file name: 00140.ip2
speed: 55000, time: 0024736, temp: 20.0, w2t: 8.29E+11

Scan sequence 00141 started 04/23/14 @ 21:30:11, file name: 00141.ip2
speed: 55000, time: 0024914, temp: 20.0, w2t: 8.35E+11

Scan sequence 00142 started 04/23/14 @ 21:33:11, file name: 00142.ip2
speed: 55000, time: 0025092, temp: 20.0, w2t: 8.41E+11

Scan sequence 00143 started 04/23/14 @ 21:36:13, file name: 00143.ip2
speed: 55000, time: 0025272, temp: 20.0, w2t: 8.47E+11

Scan sequence 00144 started 04/23/14 @ 21:39:14, file name: 00144.ip2
speed: 55000, time: 0025449, temp: 20.0, w2t: 8.53E+11

Scan sequence 00145 started 04/23/14 @ 21:42:13, file name: 00145.ip2
speed: 55000, time: 0025628, temp: 20.0, w2t: 8.59E+11

Scan sequence 00146 started 04/23/14 @ 21:45:13, file name: 00146.ip2
speed: 55000, time: 0025804, temp: 20.0, w2t: 8.65E+11

Scan sequence 00147 started 04/23/14 @ 21:48:13, file name: 00147.ip2
speed: 55000, time: 0025981, temp: 20.0, w2t: 8.71E+11

Scan sequence 00148 started 04/23/14 @ 21:51:14, file name: 00148.ip2
speed: 55000, time: 0026159, temp: 20.0, w2t: 8.77E+11

Scan sequence 00149 started 04/23/14 @ 21:54:15, file name: 00149.ip2
speed: 55000, time: 0026339, temp: 20.0, w2t: 8.83E+11

Scan sequence 00150 started 04/23/14 @ 21:57:17, file name: 00150.ip2
speed: 55000, time: 0026517, temp: 20.0, w2t: 8.89E+11

Scan sequence 00151 started 04/23/14 @ 22:00:17, file name: 00151.ip2
speed: 55000, time: 0026695, temp: 20.0, w2t: 8.95E+11

Scan sequence 00152 started 04/23/14 @ 22:03:16, file name: 00152.ip2
speed: 55000, time: 0026871, temp: 20.0, w2t: 9.01E+11

Scan sequence 00153 started 04/23/14 @ 22:06:16, file name: 00153.ip2
speed: 55000, time: 0027048, temp: 20.0, w2t: 9.07E+11

Scan sequence 00154 started 04/23/14 @ 22:09:18, file name: 00154.ip2
speed: 55000, time: 0027226, temp: 20.0, w2t: 9.13E+11

Scan sequence 00155 started 04/23/14 @ 22:12:19, file name: 00155.ip2
speed: 55000, time: 0027406, temp: 20.0, w2t: 9.19E+11

Scan sequence 00156 started 04/23/14 @ 22:15:20, file name: 00156.ip2
speed: 55000, time: 0027584, temp: 20.0, w2t: 9.25E+11

Scan sequence 00157 started 04/23/14 @ 22:18:20, file name: 00157.ip2
speed: 55000, time: 0027761, temp: 20.0, w2t: 9.31E+11

Scan sequence 00158 started 04/23/14 @ 22:21:19, file name: 00158.ip2
speed: 55000, time: 0027938, temp: 20.0, w2t: 9.37E+11

Scan sequence 00159 started 04/23/14 @ 22:24:20, file name: 00159.ip2
speed: 55000, time: 0028115, temp: 20.0, w2t: 9.43E+11

Scan sequence 00160 started 04/23/14 @ 22:27:20, file name: 00160.ip2
speed: 55000, time: 0028293, temp: 20.0, w2t: 9.49E+11

Scan sequence 00161 started 04/23/14 @ 22:30:22, file name: 00161.ip2
speed: 55000, time: 0028474, temp: 20.0, w2t: 9.55E+11

Scan sequence 00162 started 04/23/14 @ 22:33:22, file name: 00162.ip2
speed: 55000, time: 0028651, temp: 20.0, w2t: 9.61E+11

Scan sequence 00163 started 04/23/14 @ 22:36:23, file name: 00163.ip2
speed: 55000, time: 0028828, temp: 20.0, w2t: 9.67E+11

Scan sequence 00164 started 04/23/14 @ 22:39:23, file name: 00164.ip2
speed: 55000, time: 0029005, temp: 20.0, w2t: 9.73E+11

Scan sequence 00165 started 04/23/14 @ 22:42:23, file name: 00165.ip2
speed: 55000, time: 0029182, temp: 20.0, w2t: 9.79E+11

Scan sequence 00166 started 04/23/14 @ 22:45:23, file name: 00166.ip2
speed: 55000, time: 0029360, temp: 20.0, w2t: 9.85E+11

Scan sequence 00167 started 04/23/14 @ 22:48:25, file name: 00167.ip2
speed: 55000, time: 0029541, temp: 20.0, w2t: 9.91E+11

Scan sequence 00168 started 04/23/14 @ 22:51:25, file name: 00168.ip2
speed: 55000, time: 0029717, temp: 20.0, w2t: 9.97E+11

Scan sequence 00169 started 04/23/14 @ 22:54:26, file name: 00169.ip2
speed: 55000, time: 0029895, temp: 20.0, w2t: 1.00E+12

Scan sequence 00170 started 04/23/14 @ 22:57:25, file name: 00170.ip2
speed: 55000, time: 0030071, temp: 20.0, w2t: 1.01E+12

Scan sequence 00171 started 04/23/14 @ 23:00:26, file name: 00171.ip2
speed: 55000, time: 0030249, temp: 20.0, w2t: 1.01E+12

Scan sequence 00172 started 04/23/14 @ 23:03:26, file name: 00172.ip2
speed: 55000, time: 0030427, temp: 20.0, w2t: 1.02E+12

Scan sequence 00173 started 04/23/14 @ 23:06:28, file name: 00173.ip2
speed: 55000, time: 0030607, temp: 20.0, w2t: 1.03E+12

Scan sequence 00174 started 04/23/14 @ 23:09:28, file name: 00174.ip2
speed: 55000, time: 0030785, temp: 20.0, w2t: 1.03E+12

Scan sequence 00175 started 04/23/14 @ 23:12:29, file name: 00175.ip2
speed: 55000, time: 0030961, temp: 20.0, w2t: 1.04E+12

Scan sequence 00176 started 04/23/14 @ 23:15:30, file name: 00176.ip2
speed: 55000, time: 0031140, temp: 20.0, w2t: 1.04E+12

Scan sequence 00177 started 04/23/14 @ 23:18:29, file name: 00177.ip2
speed: 55000, time: 0031316, temp: 20.0, w2t: 1.05E+12

Scan sequence 00178 started 04/23/14 @ 23:21:30, file name: 00178.ip2
speed: 55000, time: 0031495, temp: 20.0, w2t: 1.06E+12

Scan sequence 00179 started 04/23/14 @ 23:24:32, file name: 00179.ip2
speed: 55000, time: 0031674, temp: 20.0, w2t: 1.06E+12

Scan sequence 00180 started 04/23/14 @ 23:27:31, file name: 00180.ip2
speed: 55000, time: 0031852, temp: 20.0, w2t: 1.07E+12