XL-I Version 5.8 Cell 1 Channel A Scan Log
Log & data file folder: C:\xlidata\042314\142830
Log file name: cell1chA.log
Log created: 04/23/14 @ 14:28:30
Scan settings file name: C:\\NONAME99.SCN
Alignment angle:  0.00
Points per fringe: 23.75
Laser delay: 181.80
Laser duration:  0.40
Laser gain: 0
Laser offset: 0
Blank subtraction: yes
Blank points/fringe: 22.00
Blank delay:  41.00
Blank duration:  0.40
Blank gain: 0
Blank offset: 0

Scan(s) started 04/23/14 @ 14:28:30, delay: 00:00:00, interval: 00:03:00
speed: 55000, time: 0000000, temp: 20.0, w2t: 0.00E+00

Scan sequence 00001 started 04/23/14 @ 14:31:39, file name: 00001.ip1
speed: 55000, time: 0000177, temp: 20.0, w2t: 2.30E+09

Scan sequence 00002 started 04/23/14 @ 14:31:59, file name: 00002.ip1
speed: 55000, time: 0000195, temp: 20.0, w2t: 3.00E+09

Scan sequence 00003 started 04/23/14 @ 14:34:56, file name: 00003.ip1
speed: 55000, time: 0000368, temp: 20.1, w2t: 8.78E+09

Scan sequence 00004 started 04/23/14 @ 14:37:57, file name: 00004.ip1
speed: 55000, time: 0000546, temp: 20.2, w2t: 1.48E+10

Scan sequence 00005 started 04/23/14 @ 14:40:58, file name: 00005.ip1
speed: 55000, time: 0000728, temp: 20.3, w2t: 2.08E+10

Scan sequence 00006 started 04/23/14 @ 14:43:58, file name: 00006.ip1
speed: 55000, time: 0000904, temp: 20.3, w2t: 2.68E+10

Scan sequence 00007 started 04/23/14 @ 14:46:59, file name: 00007.ip1
speed: 55000, time: 0001082, temp: 20.3, w2t: 3.28E+10

Scan sequence 00008 started 04/23/14 @ 14:49:59, file name: 00008.ip1
speed: 55000, time: 0001259, temp: 20.3, w2t: 3.87E+10

Scan sequence 00009 started 04/23/14 @ 14:52:59, file name: 00009.ip1
speed: 55000, time: 0001435, temp: 20.3, w2t: 4.47E+10

Scan sequence 00010 started 04/23/14 @ 14:56:00, file name: 00010.ip1
speed: 55000, time: 0001613, temp: 20.3, w2t: 5.07E+10

Scan sequence 00011 started 04/23/14 @ 14:59:01, file name: 00011.ip1
speed: 55000, time: 0001794, temp: 20.3, w2t: 5.68E+10

Scan sequence 00012 started 04/23/14 @ 15:02:01, file name: 00012.ip1
speed: 55000, time: 0001971, temp: 20.3, w2t: 6.27E+10

Scan sequence 00013 started 04/23/14 @ 15:05:02, file name: 00013.ip1
speed: 55000, time: 0002149, temp: 20.3, w2t: 6.87E+10

Scan sequence 00014 started 04/23/14 @ 15:08:02, file name: 00014.ip1
speed: 55000, time: 0002327, temp: 20.2, w2t: 7.47E+10

Scan sequence 00015 started 04/23/14 @ 15:11:03, file name: 00015.ip1
speed: 55000, time: 0002504, temp: 20.2, w2t: 8.07E+10

Scan sequence 00016 started 04/23/14 @ 15:14:03, file name: 00016.ip1
speed: 55000, time: 0002682, temp: 20.2, w2t: 8.66E+10

Scan sequence 00017 started 04/23/14 @ 15:17:03, file name: 00017.ip1
speed: 55000, time: 0002858, temp: 20.2, w2t: 9.26E+10

Scan sequence 00018 started 04/23/14 @ 15:20:04, file name: 00018.ip1
speed: 55000, time: 0003035, temp: 20.2, w2t: 9.86E+10

Scan sequence 00019 started 04/23/14 @ 15:23:05, file name: 00019.ip1
speed: 55000, time: 0003217, temp: 20.1, w2t: 1.05E+11

Scan sequence 00020 started 04/23/14 @ 15:26:05, file name: 00020.ip1
speed: 55000, time: 0003393, temp: 20.1, w2t: 1.11E+11

Scan sequence 00021 started 04/23/14 @ 15:29:06, file name: 00021.ip1
speed: 55000, time: 0003571, temp: 20.1, w2t: 1.17E+11

Scan sequence 00022 started 04/23/14 @ 15:32:06, file name: 00022.ip1
speed: 55000, time: 0003749, temp: 20.1, w2t: 1.23E+11

Scan sequence 00023 started 04/23/14 @ 15:35:07, file name: 00023.ip1
speed: 55000, time: 0003927, temp: 20.1, w2t: 1.29E+11

Scan sequence 00024 started 04/23/14 @ 15:38:07, file name: 00024.ip1
speed: 55000, time: 0004105, temp: 20.1, w2t: 1.35E+11

Scan sequence 00025 started 04/23/14 @ 15:41:07, file name: 00025.ip1
speed: 55000, time: 0004280, temp: 20.0, w2t: 1.41E+11

Scan sequence 00026 started 04/23/14 @ 15:44:08, file name: 00026.ip1
speed: 55000, time: 0004458, temp: 20.0, w2t: 1.46E+11

Scan sequence 00027 started 04/23/14 @ 15:47:09, file name: 00027.ip1
speed: 55000, time: 0004640, temp: 20.0, w2t: 1.53E+11

Scan sequence 00028 started 04/23/14 @ 15:50:09, file name: 00028.ip1
speed: 55000, time: 0004816, temp: 20.0, w2t: 1.59E+11

Scan sequence 00029 started 04/23/14 @ 15:53:10, file name: 00029.ip1
speed: 55000, time: 0004994, temp: 20.0, w2t: 1.65E+11

Scan sequence 00030 started 04/23/14 @ 15:56:10, file name: 00030.ip1
speed: 55000, time: 0005172, temp: 20.0, w2t: 1.70E+11

Scan sequence 00031 started 04/23/14 @ 15:59:10, file name: 00031.ip1
speed: 55000, time: 0005347, temp: 20.0, w2t: 1.76E+11

Scan sequence 00032 started 04/23/14 @ 16:02:11, file name: 00032.ip1
speed: 55000, time: 0005525, temp: 20.0, w2t: 1.82E+11

Scan sequence 00033 started 04/23/14 @ 16:05:12, file name: 00033.ip1
speed: 55000, time: 0005706, temp: 20.0, w2t: 1.88E+11

Scan sequence 00034 started 04/23/14 @ 16:08:12, file name: 00034.ip1
speed: 55000, time: 0005883, temp: 20.0, w2t: 1.94E+11

Scan sequence 00035 started 04/23/14 @ 16:11:13, file name: 00035.ip1
speed: 55000, time: 0006061, temp: 20.0, w2t: 2.00E+11

Scan sequence 00036 started 04/23/14 @ 16:14:13, file name: 00036.ip1
speed: 55000, time: 0006239, temp: 20.0, w2t: 2.06E+11

Scan sequence 00037 started 04/23/14 @ 16:17:13, file name: 00037.ip1
speed: 55000, time: 0006414, temp: 20.0, w2t: 2.12E+11

Scan sequence 00038 started 04/23/14 @ 16:20:14, file name: 00038.ip1
speed: 55000, time: 0006592, temp: 20.0, w2t: 2.18E+11

Scan sequence 00039 started 04/23/14 @ 16:23:15, file name: 00039.ip1
speed: 55000, time: 0006774, temp: 20.0, w2t: 2.24E+11

Scan sequence 00040 started 04/23/14 @ 16:26:15, file name: 00040.ip1
speed: 55000, time: 0006950, temp: 20.0, w2t: 2.30E+11

Scan sequence 00041 started 04/23/14 @ 16:29:16, file name: 00041.ip1
speed: 55000, time: 0007128, temp: 20.0, w2t: 2.36E+11

Scan sequence 00042 started 04/23/14 @ 16:32:16, file name: 00042.ip1
speed: 55000, time: 0007306, temp: 20.0, w2t: 2.42E+11

Scan sequence 00043 started 04/23/14 @ 16:35:16, file name: 00043.ip1
speed: 55000, time: 0007482, temp: 20.0, w2t: 2.48E+11

Scan sequence 00044 started 04/23/14 @ 16:38:17, file name: 00044.ip1
speed: 55000, time: 0007659, temp: 20.0, w2t: 2.54E+11

Scan sequence 00045 started 04/23/14 @ 16:41:17, file name: 00045.ip1
speed: 55000, time: 0007837, temp: 20.0, w2t: 2.60E+11

Scan sequence 00046 started 04/23/14 @ 16:44:18, file name: 00046.ip1
speed: 55000, time: 0008015, temp: 20.0, w2t: 2.66E+11

Scan sequence 00047 started 04/23/14 @ 16:47:19, file name: 00047.ip1
speed: 55000, time: 0008197, temp: 20.0, w2t: 2.72E+11

Scan sequence 00048 started 04/23/14 @ 16:50:19, file name: 00048.ip1
speed: 55000, time: 0008373, temp: 20.0, w2t: 2.78E+11

Scan sequence 00049 started 04/23/14 @ 16:53:21, file name: 00049.ip1
speed: 55000, time: 0008551, temp: 20.0, w2t: 2.84E+11

Scan sequence 00050 started 04/23/14 @ 16:56:20, file name: 00050.ip1
speed: 55000, time: 0008729, temp: 20.0, w2t: 2.90E+11

Scan sequence 00051 started 04/23/14 @ 16:59:21, file name: 00051.ip1
speed: 55000, time: 0008905, temp: 20.0, w2t: 2.96E+11

Scan sequence 00052 started 04/23/14 @ 17:02:21, file name: 00052.ip1
speed: 55000, time: 0009082, temp: 20.0, w2t: 3.02E+11

Scan sequence 00053 started 04/23/14 @ 17:05:23, file name: 00053.ip1
speed: 55000, time: 0009264, temp: 20.0, w2t: 3.08E+11

Scan sequence 00054 started 04/23/14 @ 17:08:23, file name: 00054.ip1
speed: 55000, time: 0009440, temp: 20.0, w2t: 3.14E+11

Scan sequence 00055 started 04/23/14 @ 17:11:23, file name: 00055.ip1
speed: 55000, time: 0009618, temp: 20.0, w2t: 3.20E+11

Scan sequence 00056 started 04/23/14 @ 17:14:23, file name: 00056.ip1
speed: 55000, time: 0009795, temp: 20.0, w2t: 3.26E+11

Scan sequence 00057 started 04/23/14 @ 17:17:24, file name: 00057.ip1
speed: 55000, time: 0009971, temp: 20.0, w2t: 3.32E+11

Scan sequence 00058 started 04/23/14 @ 17:20:24, file name: 00058.ip1
speed: 55000, time: 0010149, temp: 20.0, w2t: 3.38E+11

Scan sequence 00059 started 04/23/14 @ 17:23:25, file name: 00059.ip1
speed: 55000, time: 0010330, temp: 20.0, w2t: 3.44E+11

Scan sequence 00060 started 04/23/14 @ 17:26:25, file name: 00060.ip1
speed: 55000, time: 0010507, temp: 20.0, w2t: 3.50E+11

Scan sequence 00061 started 04/23/14 @ 17:29:26, file name: 00061.ip1
speed: 55000, time: 0010685, temp: 20.0, w2t: 3.56E+11

Scan sequence 00062 started 04/23/14 @ 17:32:26, file name: 00062.ip1
speed: 55000, time: 0010863, temp: 20.0, w2t: 3.62E+11

Scan sequence 00063 started 04/23/14 @ 17:35:26, file name: 00063.ip1
speed: 55000, time: 0011038, temp: 20.0, w2t: 3.68E+11

Scan sequence 00064 started 04/23/14 @ 17:38:27, file name: 00064.ip1
speed: 55000, time: 0011216, temp: 20.0, w2t: 3.74E+11

Scan sequence 00065 started 04/23/14 @ 17:41:28, file name: 00065.ip1
speed: 55000, time: 0011398, temp: 20.0, w2t: 3.80E+11

Scan sequence 00066 started 04/23/14 @ 17:44:28, file name: 00066.ip1
speed: 55000, time: 0011574, temp: 20.0, w2t: 3.86E+11

Scan sequence 00067 started 04/23/14 @ 17:47:29, file name: 00067.ip1
speed: 55000, time: 0011752, temp: 20.0, w2t: 3.92E+11

Scan sequence 00068 started 04/23/14 @ 17:50:29, file name: 00068.ip1
speed: 55000, time: 0011930, temp: 20.0, w2t: 3.98E+11

Scan sequence 00069 started 04/23/14 @ 17:53:29, file name: 00069.ip1
speed: 55000, time: 0012105, temp: 20.0, w2t: 4.04E+11

Scan sequence 00070 started 04/23/14 @ 17:56:30, file name: 00070.ip1
speed: 55000, time: 0012283, temp: 20.0, w2t: 4.10E+11

Scan sequence 00071 started 04/23/14 @ 17:59:31, file name: 00071.ip1
speed: 55000, time: 0012465, temp: 20.0, w2t: 4.16E+11

Scan sequence 00072 started 04/23/14 @ 18:02:31, file name: 00072.ip1
speed: 55000, time: 0012641, temp: 20.0, w2t: 4.22E+11

Scan sequence 00073 started 04/23/14 @ 18:05:32, file name: 00073.ip1
speed: 55000, time: 0012819, temp: 20.0, w2t: 4.28E+11

Scan sequence 00074 started 04/23/14 @ 18:08:32, file name: 00074.ip1
speed: 55000, time: 0012996, temp: 20.0, w2t: 4.34E+11

Scan sequence 00075 started 04/23/14 @ 18:11:32, file name: 00075.ip1
speed: 55000, time: 0013173, temp: 20.0, w2t: 4.40E+11

Scan sequence 00076 started 04/23/14 @ 18:14:33, file name: 00076.ip1
speed: 55000, time: 0013350, temp: 20.0, w2t: 4.46E+11

Scan sequence 00077 started 04/23/14 @ 18:17:34, file name: 00077.ip1
speed: 55000, time: 0013532, temp: 20.0, w2t: 4.52E+11

Scan sequence 00078 started 04/23/14 @ 18:20:35, file name: 00078.ip1
speed: 55000, time: 0013708, temp: 20.0, w2t: 4.58E+11

Scan sequence 00079 started 04/23/14 @ 18:23:35, file name: 00079.ip1
speed: 55000, time: 0013886, temp: 20.0, w2t: 4.64E+11

Scan sequence 00080 started 04/23/14 @ 18:26:35, file name: 00080.ip1
speed: 55000, time: 0014063, temp: 20.0, w2t: 4.70E+11

Scan sequence 00081 started 04/23/14 @ 18:29:35, file name: 00081.ip1
speed: 55000, time: 0014239, temp: 20.0, w2t: 4.76E+11

Scan sequence 00082 started 04/23/14 @ 18:32:36, file name: 00082.ip1
speed: 55000, time: 0014416, temp: 20.0, w2t: 4.82E+11

Scan sequence 00083 started 04/23/14 @ 18:35:37, file name: 00083.ip1
speed: 55000, time: 0014598, temp: 20.0, w2t: 4.88E+11

Scan sequence 00084 started 04/23/14 @ 18:38:37, file name: 00084.ip1
speed: 55000, time: 0014775, temp: 20.0, w2t: 4.94E+11

Scan sequence 00085 started 04/23/14 @ 18:41:38, file name: 00085.ip1
speed: 55000, time: 0014952, temp: 20.0, w2t: 5.00E+11

Scan sequence 00086 started 04/23/14 @ 18:44:38, file name: 00086.ip1
speed: 55000, time: 0015130, temp: 20.0, w2t: 5.06E+11

Scan sequence 00087 started 04/23/14 @ 18:47:38, file name: 00087.ip1
speed: 55000, time: 0015306, temp: 20.0, w2t: 5.12E+11

Scan sequence 00088 started 04/23/14 @ 18:50:39, file name: 00088.ip1
speed: 55000, time: 0015483, temp: 20.0, w2t: 5.18E+11

Scan sequence 00089 started 04/23/14 @ 18:53:40, file name: 00089.ip1
speed: 55000, time: 0015665, temp: 20.0, w2t: 5.24E+11

Scan sequence 00090 started 04/23/14 @ 18:56:40, file name: 00090.ip1
speed: 55000, time: 0015841, temp: 20.0, w2t: 5.30E+11

Scan sequence 00091 started 04/23/14 @ 18:59:41, file name: 00091.ip1
speed: 55000, time: 0016019, temp: 20.0, w2t: 5.36E+11

Scan sequence 00092 started 04/23/14 @ 19:02:41, file name: 00092.ip1
speed: 55000, time: 0016197, temp: 20.0, w2t: 5.42E+11

Scan sequence 00093 started 04/23/14 @ 19:05:41, file name: 00093.ip1
speed: 55000, time: 0016373, temp: 20.0, w2t: 5.48E+11

Scan sequence 00094 started 04/23/14 @ 19:08:42, file name: 00094.ip1
speed: 55000, time: 0016550, temp: 20.0, w2t: 5.54E+11

Scan sequence 00095 started 04/23/14 @ 19:11:43, file name: 00095.ip1
speed: 55000, time: 0016732, temp: 20.0, w2t: 5.60E+11

Scan sequence 00096 started 04/23/14 @ 19:14:43, file name: 00096.ip1
speed: 55000, time: 0016908, temp: 20.0, w2t: 5.66E+11

Scan sequence 00097 started 04/23/14 @ 19:17:44, file name: 00097.ip1
speed: 55000, time: 0017086, temp: 20.0, w2t: 5.72E+11

Scan sequence 00098 started 04/23/14 @ 19:20:44, file name: 00098.ip1
speed: 55000, time: 0017264, temp: 20.0, w2t: 5.78E+11

Scan sequence 00099 started 04/23/14 @ 19:23:44, file name: 00099.ip1
speed: 55000, time: 0017440, temp: 20.0, w2t: 5.84E+11

Scan sequence 00100 started 04/23/14 @ 19:26:45, file name: 00100.ip1
speed: 55000, time: 0017617, temp: 20.0, w2t: 5.89E+11

Scan sequence 00101 started 04/23/14 @ 19:29:46, file name: 00101.ip1
speed: 55000, time: 0017799, temp: 20.0, w2t: 5.96E+11

Scan sequence 00102 started 04/23/14 @ 19:32:46, file name: 00102.ip1
speed: 55000, time: 0017975, temp: 20.0, w2t: 6.02E+11

Scan sequence 00103 started 04/23/14 @ 19:35:47, file name: 00103.ip1
speed: 55000, time: 0018153, temp: 20.0, w2t: 6.07E+11

Scan sequence 00104 started 04/23/14 @ 19:38:47, file name: 00104.ip1
speed: 55000, time: 0018331, temp: 20.0, w2t: 6.13E+11

Scan sequence 00105 started 04/23/14 @ 19:41:47, file name: 00105.ip1
speed: 55000, time: 0018506, temp: 20.0, w2t: 6.19E+11

Scan sequence 00106 started 04/23/14 @ 19:44:48, file name: 00106.ip1
speed: 55000, time: 0018684, temp: 20.0, w2t: 6.25E+11

Scan sequence 00107 started 04/23/14 @ 19:47:49, file name: 00107.ip1
speed: 55000, time: 0018866, temp: 20.0, w2t: 6.31E+11

Scan sequence 00108 started 04/23/14 @ 19:50:49, file name: 00108.ip1
speed: 55000, time: 0019042, temp: 20.0, w2t: 6.37E+11

Scan sequence 00109 started 04/23/14 @ 19:53:50, file name: 00109.ip1
speed: 55000, time: 0019219, temp: 20.0, w2t: 6.43E+11

Scan sequence 00110 started 04/23/14 @ 19:56:50, file name: 00110.ip1
speed: 55000, time: 0019397, temp: 20.0, w2t: 6.49E+11

Scan sequence 00111 started 04/23/14 @ 19:59:51, file name: 00111.ip1
speed: 55000, time: 0019573, temp: 20.0, w2t: 6.55E+11

Scan sequence 00112 started 04/23/14 @ 20:02:51, file name: 00112.ip1
speed: 55000, time: 0019750, temp: 20.0, w2t: 6.61E+11

Scan sequence 00113 started 04/23/14 @ 20:05:52, file name: 00113.ip1
speed: 55000, time: 0019932, temp: 20.0, w2t: 6.67E+11

Scan sequence 00114 started 04/23/14 @ 20:08:52, file name: 00114.ip1
speed: 55000, time: 0020109, temp: 20.0, w2t: 6.73E+11

Scan sequence 00115 started 04/23/14 @ 20:11:53, file name: 00115.ip1
speed: 55000, time: 0020286, temp: 20.0, w2t: 6.79E+11

Scan sequence 00116 started 04/23/14 @ 20:14:54, file name: 00116.ip1
speed: 55000, time: 0020464, temp: 20.0, w2t: 6.85E+11

Scan sequence 00117 started 04/23/14 @ 20:17:53, file name: 00117.ip1
speed: 55000, time: 0020640, temp: 20.0, w2t: 6.91E+11

Scan sequence 00118 started 04/23/14 @ 20:20:54, file name: 00118.ip1
speed: 55000, time: 0020817, temp: 20.0, w2t: 6.97E+11

Scan sequence 00119 started 04/23/14 @ 20:23:55, file name: 00119.ip1
speed: 55000, time: 0020999, temp: 20.0, w2t: 7.03E+11

Scan sequence 00120 started 04/23/14 @ 20:26:55, file name: 00120.ip1
speed: 55000, time: 0021176, temp: 20.0, w2t: 7.09E+11

Scan sequence 00121 started 04/23/14 @ 20:29:56, file name: 00121.ip1
speed: 55000, time: 0021353, temp: 20.0, w2t: 7.15E+11

Scan sequence 00122 started 04/23/14 @ 20:32:56, file name: 00122.ip1
speed: 55000, time: 0021531, temp: 20.0, w2t: 7.21E+11

Scan sequence 00123 started 04/23/14 @ 20:35:56, file name: 00123.ip1
speed: 55000, time: 0021707, temp: 20.0, w2t: 7.27E+11

Scan sequence 00124 started 04/23/14 @ 20:38:57, file name: 00124.ip1
speed: 55000, time: 0021884, temp: 20.0, w2t: 7.33E+11

Scan sequence 00125 started 04/23/14 @ 20:41:58, file name: 00125.ip1
speed: 55000, time: 0022066, temp: 20.0, w2t: 7.39E+11

Scan sequence 00126 started 04/23/14 @ 20:44:58, file name: 00126.ip1
speed: 55000, time: 0022243, temp: 20.0, w2t: 7.45E+11

Scan sequence 00127 started 04/23/14 @ 20:47:59, file name: 00127.ip1
speed: 55000, time: 0022420, temp: 20.0, w2t: 7.51E+11

Scan sequence 00128 started 04/23/14 @ 20:50:59, file name: 00128.ip1
speed: 55000, time: 0022598, temp: 20.0, w2t: 7.57E+11

Scan sequence 00129 started 04/23/14 @ 20:53:59, file name: 00129.ip1
speed: 55000, time: 0022774, temp: 20.0, w2t: 7.63E+11

Scan sequence 00130 started 04/23/14 @ 20:57:00, file name: 00130.ip1
speed: 55000, time: 0022951, temp: 20.0, w2t: 7.69E+11

Scan sequence 00131 started 04/23/14 @ 21:00:01, file name: 00131.ip1
speed: 55000, time: 0023133, temp: 20.0, w2t: 7.75E+11

Scan sequence 00132 started 04/23/14 @ 21:03:01, file name: 00132.ip1
speed: 55000, time: 0023309, temp: 20.0, w2t: 7.81E+11

Scan sequence 00133 started 04/23/14 @ 21:06:02, file name: 00133.ip1
speed: 55000, time: 0023487, temp: 20.0, w2t: 7.87E+11

Scan sequence 00134 started 04/23/14 @ 21:09:02, file name: 00134.ip1
speed: 55000, time: 0023665, temp: 20.0, w2t: 7.93E+11

Scan sequence 00135 started 04/23/14 @ 21:12:02, file name: 00135.ip1
speed: 55000, time: 0023840, temp: 20.0, w2t: 7.99E+11

Scan sequence 00136 started 04/23/14 @ 21:15:03, file name: 00136.ip1
speed: 55000, time: 0024018, temp: 20.0, w2t: 8.05E+11

Scan sequence 00137 started 04/23/14 @ 21:18:04, file name: 00137.ip1
speed: 55000, time: 0024199, temp: 20.0, w2t: 8.11E+11

Scan sequence 00138 started 04/23/14 @ 21:21:04, file name: 00138.ip1
speed: 55000, time: 0024376, temp: 20.0, w2t: 8.17E+11

Scan sequence 00139 started 04/23/14 @ 21:24:05, file name: 00139.ip1
speed: 55000, time: 0024554, temp: 20.0, w2t: 8.23E+11

Scan sequence 00140 started 04/23/14 @ 21:27:05, file name: 00140.ip1
speed: 55000, time: 0024731, temp: 20.0, w2t: 8.29E+11

Scan sequence 00141 started 04/23/14 @ 21:30:05, file name: 00141.ip1
speed: 55000, time: 0024907, temp: 20.0, w2t: 8.35E+11

Scan sequence 00142 started 04/23/14 @ 21:33:06, file name: 00142.ip1
speed: 55000, time: 0025085, temp: 20.0, w2t: 8.41E+11

Scan sequence 00143 started 04/23/14 @ 21:36:07, file name: 00143.ip1
speed: 55000, time: 0025267, temp: 20.0, w2t: 8.47E+11

Scan sequence 00144 started 04/23/14 @ 21:39:07, file name: 00144.ip1
speed: 55000, time: 0025443, temp: 20.0, w2t: 8.53E+11

Scan sequence 00145 started 04/23/14 @ 21:42:08, file name: 00145.ip1
speed: 55000, time: 0025621, temp: 20.0, w2t: 8.59E+11

Scan sequence 00146 started 04/23/14 @ 21:45:08, file name: 00146.ip1
speed: 55000, time: 0025799, temp: 20.0, w2t: 8.65E+11

Scan sequence 00147 started 04/23/14 @ 21:48:08, file name: 00147.ip1
speed: 55000, time: 0025974, temp: 20.0, w2t: 8.71E+11

Scan sequence 00148 started 04/23/14 @ 21:51:09, file name: 00148.ip1
speed: 55000, time: 0026152, temp: 20.0, w2t: 8.77E+11

Scan sequence 00149 started 04/23/14 @ 21:54:10, file name: 00149.ip1
speed: 55000, time: 0026334, temp: 20.0, w2t: 8.83E+11

Scan sequence 00150 started 04/23/14 @ 21:57:11, file name: 00150.ip1
speed: 55000, time: 0026510, temp: 20.0, w2t: 8.89E+11

Scan sequence 00151 started 04/23/14 @ 22:00:11, file name: 00151.ip1
speed: 55000, time: 0026688, temp: 20.0, w2t: 8.95E+11

Scan sequence 00152 started 04/23/14 @ 22:03:11, file name: 00152.ip1
speed: 55000, time: 0026866, temp: 20.0, w2t: 9.01E+11

Scan sequence 00153 started 04/23/14 @ 22:06:11, file name: 00153.ip1
speed: 55000, time: 0027041, temp: 20.0, w2t: 9.07E+11

Scan sequence 00154 started 04/23/14 @ 22:09:12, file name: 00154.ip1
speed: 55000, time: 0027219, temp: 20.0, w2t: 9.13E+11

Scan sequence 00155 started 04/23/14 @ 22:12:13, file name: 00155.ip1
speed: 55000, time: 0027401, temp: 20.0, w2t: 9.19E+11

Scan sequence 00156 started 04/23/14 @ 22:15:13, file name: 00156.ip1
speed: 55000, time: 0027577, temp: 20.0, w2t: 9.25E+11

Scan sequence 00157 started 04/23/14 @ 22:18:14, file name: 00157.ip1
speed: 55000, time: 0027755, temp: 20.0, w2t: 9.31E+11

Scan sequence 00158 started 04/23/14 @ 22:21:14, file name: 00158.ip1
speed: 55000, time: 0027933, temp: 20.0, w2t: 9.37E+11

Scan sequence 00159 started 04/23/14 @ 22:24:14, file name: 00159.ip1
speed: 55000, time: 0028108, temp: 20.0, w2t: 9.43E+11

Scan sequence 00160 started 04/23/14 @ 22:27:15, file name: 00160.ip1
speed: 55000, time: 0028286, temp: 20.0, w2t: 9.49E+11

Scan sequence 00161 started 04/23/14 @ 22:30:16, file name: 00161.ip1
speed: 55000, time: 0028468, temp: 20.0, w2t: 9.55E+11

Scan sequence 00162 started 04/23/14 @ 22:33:16, file name: 00162.ip1
speed: 55000, time: 0028644, temp: 20.0, w2t: 9.61E+11

Scan sequence 00163 started 04/23/14 @ 22:36:17, file name: 00163.ip1
speed: 55000, time: 0028822, temp: 20.0, w2t: 9.67E+11

Scan sequence 00164 started 04/23/14 @ 22:39:17, file name: 00164.ip1
speed: 55000, time: 0029000, temp: 20.0, w2t: 9.73E+11

Scan sequence 00165 started 04/23/14 @ 22:42:17, file name: 00165.ip1
speed: 55000, time: 0029176, temp: 20.0, w2t: 9.79E+11

Scan sequence 00166 started 04/23/14 @ 22:45:18, file name: 00166.ip1
speed: 55000, time: 0029353, temp: 20.0, w2t: 9.84E+11

Scan sequence 00167 started 04/23/14 @ 22:48:19, file name: 00167.ip1
speed: 55000, time: 0029535, temp: 20.0, w2t: 9.91E+11

Scan sequence 00168 started 04/23/14 @ 22:51:19, file name: 00168.ip1
speed: 55000, time: 0029711, temp: 20.0, w2t: 9.97E+11

Scan sequence 00169 started 04/23/14 @ 22:54:20, file name: 00169.ip1
speed: 55000, time: 0029889, temp: 20.0, w2t: 1.00E+12

Scan sequence 00170 started 04/23/14 @ 22:57:20, file name: 00170.ip1
speed: 55000, time: 0030066, temp: 20.0, w2t: 1.01E+12

Scan sequence 00171 started 04/23/14 @ 23:00:20, file name: 00171.ip1
speed: 55000, time: 0030242, temp: 20.0, w2t: 1.01E+12

Scan sequence 00172 started 04/23/14 @ 23:03:21, file name: 00172.ip1
speed: 55000, time: 0030420, temp: 20.0, w2t: 1.02E+12

Scan sequence 00173 started 04/23/14 @ 23:06:22, file name: 00173.ip1
speed: 55000, time: 0030600, temp: 20.0, w2t: 1.03E+12

Scan sequence 00174 started 04/23/14 @ 23:09:22, file name: 00174.ip1
speed: 55000, time: 0030778, temp: 20.0, w2t: 1.03E+12

Scan sequence 00175 started 04/23/14 @ 23:12:23, file name: 00175.ip1
speed: 55000, time: 0030956, temp: 20.0, w2t: 1.04E+12

Scan sequence 00176 started 04/23/14 @ 23:15:23, file name: 00176.ip1
speed: 55000, time: 0031133, temp: 20.0, w2t: 1.04E+12

Scan sequence 00177 started 04/23/14 @ 23:18:23, file name: 00177.ip1
speed: 55000, time: 0031309, temp: 20.0, w2t: 1.05E+12

Scan sequence 00178 started 04/23/14 @ 23:21:24, file name: 00178.ip1
speed: 55000, time: 0031487, temp: 20.0, w2t: 1.06E+12

Scan sequence 00179 started 04/23/14 @ 23:24:26, file name: 00179.ip1
speed: 55000, time: 0031668, temp: 20.0, w2t: 1.06E+12

Scan sequence 00180 started 04/23/14 @ 23:27:25, file name: 00180.ip1
speed: 55000, time: 0031845, temp: 20.0, w2t: 1.07E+12